#
# A fatal error has been detected by the Java Runtime Environment:
#
#  SIGSEGV (0xb) at pc=0x0000000130a5fe57, pid=28994, tid=50439
#
# JRE version: Java(TM) SE Runtime Environment (8.0_40-b25) (build 1.8.0_40-b25)
# Java VM: Java HotSpot(TM) 64-Bit Server VM (25.40-b25 mixed mode bsd-amd64 compressed oops)
# Problematic frame:
# C  [libawt_lwawt.dylib+0x1ae57]  OGLSD_SetScratchSurface+0x49
#
# Failed to write core dump. Core dumps have been disabled. To enable core dumping, try "ulimit -c unlimited" before starting Java again
#
# If you would like to submit a bug report, please visit:
#   http://bugreport.java.com/bugreport/crash.jsp
# The crash happened outside the Java Virtual Machine in native code.
# See problematic frame for where to report the bug.
#

---------------  T H R E A D  ---------------

Current thread (0x00007f812b1f9000):  JavaThread "Java2D Queue Flusher" daemon [_thread_in_native, id=50439, stack(0x00007000012d6000,0x00007000013d6000)]

siginfo: si_signo: 11 (SIGSEGV), si_code: 0 (unknown), si_addr: 0x0000000000000000

Registers:
RAX=0x00000000ffffffff, RBX=0x600007f8132d069d, RCX=0x0000000000000047, RDX=0x0000000130a807bc
RSP=0x00007000013d5810, RBP=0x00007000013d5830, RSI=0x00007f8132d0c3d0, RDI=0x00007f812b1f91f8
R8 =0x00000000a80040ac, R9 =0x0000000000000000, R10=0x0000000106dd1b78, R11=0x0000000000000020
R12=0x0000000000000000, R13=0x0000000540020620, R14=0x00007f812b1f91f8, R15=0x00007f812b1f9000
RIP=0x0000000130a5fe57, EFLAGS=0x0000000000010202, ERR=0x0000000000000000
  TRAPNO=0x000000000000000d

Top of Stack: (sp=0x00007000013d5810)
0x00007000013d5810:   00007f8132d0c3d0 0000000000000000
0x00007000013d5820:   00007f812b22d010 00007f812b1f9000
0x00007000013d5830:   00007000013d58b0 0000000130a8029a
0x00007000013d5840:   0000000000000064 00007f812ac778c8
0x00007000013d5850:   00007000013d58b0 0000000105b39bc7
0x00007000013d5860:   0000000000000005 00007f812b1f9000
0x00007000013d5870:   0000000540020601 00007f812b22d020
0x00007000013d5880:   00007000003d5800 00007f812b1f91f8
0x00007000013d5890:   0000000000000000 0000000000000000
0x00007000013d58a0:   00007000013d5908 00007f812b1f9000
0x00007000013d58b0:   00007000013d5900 0000000106dd1bea
0x00007000013d58c0:   0000000540020548 0000000100000000
0x00007000013d58d0:   00007f813380ef80 0000000000000001
0x00007000013d58e0:   000000012d75a730 0000000000000000
0x00007000013d58f0:   00007000013d5910 0000000540020620
0x00007000013d5900:   00000000a80040a9 0000000108287208
0x00007000013d5910:   0000000540020548 0000000000000000
0x00007000013d5920:   0000000540020620 0000000000000000
0x00007000013d5930:   0000000540020620 00007000013d59d0
0x00007000013d5940:   0000000000000003 0000000000000000
0x00007000013d5950:   00007000013d59d0 00000001067697a7
0x00007000013d5960:   0000000540020620 0000000540020620
0x00007000013d5970:   0000700000001fa0 000000000000000a
0x00007000013d5980:   00007f812b1f9000 0000000000000001
0x00007000013d5990:   000000010676971f 000000012d6b4170
0x00007000013d59a0:   00007000013d5a68 00007000013d5d00
0x00007000013d59b0:   000000010000000a 000000012d6b4170
0x00007000013d59c0:   000000010677a0a0 00007000013d5c70
0x00007000013d59d0:   00007000013d5b80 0000000105ae036e
0x00007000013d59e0:   0000700000000001 00007f812b1f9000
0x00007000013d59f0:   00007f812b1f9000 00007000013d5d00
0x00007000013d5a00:   00007f812ac778c0 000000010677a0a0 

Instructions: (pc=0x0000000130a5fe57)
0x0000000130a5fe37:   c0 e9 82 00 00 00 48 8b 5e 10 48 85 db 75 0e bf
0x0000000130a5fe47:   01 00 00 00 48 8d 15 a4 76 03 00 eb d6 49 89 fe
0x0000000130a5fe57:   4c 8b 3b 30 c0 e8 5f a3 02 00 49 8b 3f 49 89 c4
0x0000000130a5fe67:   48 8b 35 ba f6 05 00 30 c0 e8 83 a4 02 00 48 85 

Register to memory mapping:

RAX=0x00000000ffffffff is an unknown value
RBX=0x600007f8132d069d is an unknown value
RCX=0x0000000000000047 is an unknown value
RDX=0x0000000130a807bc: Java_sun_java2d_opengl_OGLRenderQueue_flushBuffer+0xb5c in /Library/Java/JavaVirtualMachines/jdk1.8.0_40.jdk/Contents/Home/jre/lib/libawt_lwawt.dylib at 0x0000000130a45000
RSP=0x00007000013d5810 is pointing into the stack for thread: 0x00007f812b1f9000
RBP=0x00007000013d5830 is pointing into the stack for thread: 0x00007f812b1f9000
RSI=0x00007f8132d0c3d0 is an unknown value
RDI=0x00007f812b1f91f8 is an unknown value
R8 =0x00000000a80040ac is an unknown value
R9 =0x0000000000000000 is an unknown value
R10=0x0000000106dd1b78 is at entry_point+56 in (nmethod*)0x0000000106dd19d0
R11=0x0000000000000020 is an unknown value
R12=0x0000000000000000 is an unknown value
R13=0x0000000540020620 is an oop
sun.java2d.opengl.OGLRenderQueue$QueueFlusher 
 - klass: 'sun/java2d/opengl/OGLRenderQueue$QueueFlusher'
R14=0x00007f812b1f91f8 is an unknown value
R15=0x00007f812b1f9000 is a thread


Stack: [0x00007000012d6000,0x00007000013d6000],  sp=0x00007000013d5810,  free space=1022k
Native frames: (J=compiled Java code, j=interpreted, Vv=VM code, C=native code)
C  [libawt_lwawt.dylib+0x1ae57]  OGLSD_SetScratchSurface+0x49
C  [libawt_lwawt.dylib+0x3b29a]  Java_sun_java2d_opengl_OGLRenderQueue_flushBuffer+0x63a
J 2210  sun.java2d.opengl.OGLRenderQueue.flushBuffer(JI)V (0 bytes) @ 0x0000000106dd1bea [0x0000000106dd1b40+0xaa]
J 9651% C2 sun.java2d.opengl.OGLRenderQueue$QueueFlusher.run()V (234 bytes) @ 0x0000000108287208 [0x0000000108287080+0x188]

Java frames: (J=compiled Java code, j=interpreted, Vv=VM code)
J 2210  sun.java2d.opengl.OGLRenderQueue.flushBuffer(JI)V (0 bytes) @ 0x0000000106dd1b78 [0x0000000106dd1b40+0x38]
J 9651% C2 sun.java2d.opengl.OGLRenderQueue$QueueFlusher.run()V (234 bytes) @ 0x0000000108287208 [0x0000000108287080+0x188]
v  ~StubRoutines::call_stub

---------------  P R O C E S S  ---------------

Java Threads: ( => current thread )
  0x00007f812c894800 JavaThread "SwingWorker-pool-1-thread-4" daemon [_thread_blocked, id=34055, stack(0x000070000196b000,0x0000700001a6b000)]
  0x00007f812c04e800 JavaThread "SwingWorker-pool-1-thread-3" daemon [_thread_blocked, id=56963, stack(0x0000700001a6e000,0x0000700001b6e000)]
  0x00007f812c1c5800 JavaThread "SwingWorker-pool-1-thread-2" daemon [_thread_blocked, id=60059, stack(0x00007000014dc000,0x00007000015dc000)]
  0x00007f8130d4d800 JavaThread "SwingWorker-pool-1-thread-1" daemon [_thread_blocked, id=59771, stack(0x0000700001765000,0x0000700001865000)]
  0x00007f812bca5000 JavaThread "TimerQueue" daemon [_thread_blocked, id=62983, stack(0x0000700001868000,0x0000700001968000)]
  0x00007f812bc4d800 JavaThread "DestroyJavaVM" [_thread_blocked, id=5891, stack(0x000070000011a000,0x000070000021a000)]
  0x00007f812bb6c000 JavaThread "AWT-EventQueue-0" [_thread_in_Java, id=57863, stack(0x0000700001662000,0x0000700001762000)]
  0x00007f812c8fa000 JavaThread "AWT-Shutdown" [_thread_blocked, id=28955, stack(0x00007000010cd000,0x00007000011cd000)]
  0x00007f812ba8f000 JavaThread "Java2D Disposer" daemon [_thread_blocked, id=53511, stack(0x00007000013d9000,0x00007000014d9000)]
=>0x00007f812b1f9000 JavaThread "Java2D Queue Flusher" daemon [_thread_in_native, id=50439, stack(0x00007000012d6000,0x00007000013d6000)]
  0x00007f812b90e800 JavaThread "AppKit Thread" daemon [_thread_in_native, id=2571, stack(0x00007fff5a7a2000,0x00007fff5afa2000)]
  0x00007f812b825800 JavaThread "Service Thread" daemon [_thread_blocked, id=18691, stack(0x0000700000e44000,0x0000700000f44000)]
  0x00007f812b834800 JavaThread "C1 CompilerThread2" daemon [_thread_blocked, id=18179, stack(0x0000700000d41000,0x0000700000e41000)]
  0x00007f812c029000 JavaThread "C2 CompilerThread1" daemon [_thread_blocked, id=17667, stack(0x0000700000c3e000,0x0000700000d3e000)]
  0x00007f812b834000 JavaThread "C2 CompilerThread0" daemon [_thread_blocked, id=17155, stack(0x0000700000b3b000,0x0000700000c3b000)]
  0x00007f812b833000 JavaThread "Signal Dispatcher" daemon [_thread_blocked, id=13839, stack(0x0000700000a38000,0x0000700000b38000)]
  0x00007f812b04c000 JavaThread "Finalizer" daemon [_thread_blocked, id=12291, stack(0x000070000082f000,0x000070000092f000)]
  0x00007f812b04b800 JavaThread "Reference Handler" daemon [_thread_blocked, id=11779, stack(0x000070000072c000,0x000070000082c000)]

Other Threads:
  0x00007f812b04b000 VMThread [stack: 0x0000700000629000,0x0000700000729000] [id=11267]
  0x00007f812b800800 WatcherThread [stack: 0x0000700000f47000,0x0000700001047000] [id=19203]

VM state:not at safepoint (normal execution)

VM Mutex/Monitor currently owned by a thread: None

Heap:
 PSYoungGen      total 2330112K, used 86412K [0x00000006eab00000, 0x00000007c0000000, 0x00000007c0000000)
  eden space 1165312K, 1% used [0x00000006eab00000,0x00000006ec097ec0,0x0000000731d00000)
  from space 1164800K, 5% used [0x0000000731d00000,0x0000000735bcb2a0,0x0000000778e80000)
  to   space 1164800K, 0% used [0x0000000778e80000,0x0000000778e80000,0x00000007c0000000)
 ParOldGen       total 6990848K, used 5074519K [0x0000000540000000, 0x00000006eab00000, 0x00000006eab00000)
  object space 6990848K, 72% used [0x0000000540000000,0x0000000675b95e68,0x00000006eab00000)
 Metaspace       used 38459K, capacity 38894K, committed 39424K, reserved 1085440K
  class space    used 4103K, capacity 4229K, committed 4352K, reserved 1048576K

Card table byte_map: [0x0000000115b29000,0x0000000116f2a000] byte_map_base: 0x0000000113129000

Marking Bits: (ParMarkBitMap*) 0x00000001060c27a0
 Begin Bits: [0x0000000117c80000, 0x0000000121c80000)
 End Bits:   [0x0000000121c80000, 0x000000012bc80000)

Polling page: 0x0000000104f21000

CodeCache: size=245760Kb used=27768Kb max_used=28386Kb free=217991Kb
 bounds [0x0000000106769000, 0x0000000108359000, 0x0000000115769000]
 total_blobs=8396 nmethods=7514 adapters=792
 compilation: enabled

Compilation events (10 events):
Event: 100474.315 Thread 0x00007f812b834800 9985       3       java.util.WeakHashMap$HashIterator::nextEntry (81 bytes)
Event: 100474.316 Thread 0x00007f812b834800 nmethod 9985 0x0000000106c1ead0 code [0x0000000106c1ec80, 0x0000000106c1f108]
Event: 100475.452 Thread 0x00007f812b834800 9986       3       java.awt.geom.LineIterator::currentSegment (96 bytes)
Event: 100475.453 Thread 0x00007f812b834800 nmethod 9986 0x0000000106bbef10 code [0x0000000106bbf100, 0x0000000106bbf918]
Event: 100475.455 Thread 0x00007f812b834800 9987       3       java.awt.geom.LineIterator::next (11 bytes)
Event: 100475.455 Thread 0x00007f812b834800 nmethod 9987 0x0000000106f29510 code [0x0000000106f29660, 0x0000000106f297b0]
Event: 100475.456 Thread 0x00007f812b834800 9988       1       sun.dc.pr.PathDasher::getConsumer (5 bytes)
Event: 100475.457 Thread 0x00007f812b834800 nmethod 9988 0x0000000107451350 code [0x00000001074514a0, 0x00000001074515b0]
Event: 100475.462 Thread 0x00007f812b834800 9989       1       sun.dc.pr.PathStroker::getConsumer (5 bytes)
Event: 100475.462 Thread 0x00007f812b834800 nmethod 9989 0x0000000107aa9d10 code [0x0000000107aa9e60, 0x0000000107aa9f70]

GC Heap History (10 events):
Event: 79945.775 GC heap before
{Heap before GC invocations=55 (full 3):
 PSYoungGen      total 2949120K, used 2455813K [0x00000006eab00000, 0x00000007c0000000, 0x00000007c0000000)
  eden space 2433024K, 100% used [0x00000006eab00000,0x000000077f300000,0x000000077f300000)
  from space 516096K, 4% used [0x000000077f300000,0x0000000780941410,0x000000079eb00000)
  to   space 483328K, 0% used [0x00000007a2800000,0x00000007a2800000,0x00000007c0000000)
 ParOldGen       total 6990848K, used 3586537K [0x0000000540000000, 0x00000006eab00000, 0x00000006eab00000)
  object space 6990848K, 51% used [0x0000000540000000,0x000000061ae7a530,0x00000006eab00000)
 Metaspace       used 38457K, capacity 38954K, committed 39424K, reserved 1085440K
  class space    used 4125K, capacity 4289K, committed 4352K, reserved 1048576K
Event: 79952.439 GC heap after
Heap after GC invocations=55 (full 3):
 PSYoungGen      total 2863104K, used 388168K [0x00000006eab00000, 0x00000007c0000000, 0x00000007c0000000)
  eden space 2379776K, 0% used [0x00000006eab00000,0x00000006eab00000,0x000000077bf00000)
  from space 483328K, 80% used [0x00000007a2800000,0x00000007ba3120a0,0x00000007c0000000)
  to   space 557568K, 0% used [0x000000077bf00000,0x000000077bf00000,0x000000079df80000)
 ParOldGen       total 6990848K, used 5003097K [0x0000000540000000, 0x00000006eab00000, 0x00000006eab00000)
  object space 6990848K, 71% used [0x0000000540000000,0x00000006715d64c0,0x00000006eab00000)
 Metaspace       used 38457K, capacity 38954K, committed 39424K, reserved 1085440K
  class space    used 4125K, capacity 4289K, committed 4352K, reserved 1048576K
}
Event: 79956.515 GC heap before
{Heap before GC invocations=56 (full 3):
 PSYoungGen      total 2863104K, used 2767944K [0x00000006eab00000, 0x00000007c0000000, 0x00000007c0000000)
  eden space 2379776K, 100% used [0x00000006eab00000,0x000000077bf00000,0x000000077bf00000)
  from space 483328K, 80% used [0x00000007a2800000,0x00000007ba3120a0,0x00000007c0000000)
  to   space 557568K, 0% used [0x000000077bf00000,0x000000077bf00000,0x000000079df80000)
 ParOldGen       total 6990848K, used 5003097K [0x0000000540000000, 0x00000006eab00000, 0x00000006eab00000)
  object space 6990848K, 71% used [0x0000000540000000,0x00000006715d64c0,0x00000006eab00000)
 Metaspace       used 38457K, capacity 38954K, committed 39424K, reserved 1085440K
  class space    used 4125K, capacity 4289K, committed 4352K, reserved 1048576K
Event: 79964.713 GC heap after
Heap after GC invocations=56 (full 3):
 PSYoungGen      total 2937344K, used 557563K [0x00000006eab00000, 0x00000007c0000000, 0x00000007c0000000)
  eden space 2379776K, 0% used [0x00000006eab00000,0x00000006eab00000,0x000000077bf00000)
  from space 557568K, 99% used [0x000000077bf00000,0x000000079df7ef08,0x000000079df80000)
  to   space 557568K, 0% used [0x000000079df80000,0x000000079df80000,0x00000007c0000000)
 ParOldGen       total 6990848K, used 6306325K [0x0000000540000000, 0x00000006eab00000, 0x00000006eab00000)
  object space 6990848K, 90% used [0x0000000540000000,0x00000006c0e857e8,0x00000006eab00000)
 Metaspace       used 38457K, capacity 38954K, committed 39424K, reserved 1085440K
  class space    used 4125K, capacity 4289K, committed 4352K, reserved 1048576K
}
Event: 79964.713 GC heap before
{Heap before GC invocations=57 (full 4):
 PSYoungGen      total 2937344K, used 557563K [0x00000006eab00000, 0x00000007c0000000, 0x00000007c0000000)
  eden space 2379776K, 0% used [0x00000006eab00000,0x00000006eab00000,0x000000077bf00000)
  from space 557568K, 99% used [0x000000077bf00000,0x000000079df7ef08,0x000000079df80000)
  to   space 557568K, 0% used [0x000000079df80000,0x000000079df80000,0x00000007c0000000)
 ParOldGen       total 6990848K, used 6306325K [0x0000000540000000, 0x00000006eab00000, 0x00000006eab00000)
  object space 6990848K, 90% used [0x0000000540000000,0x00000006c0e857e8,0x00000006eab00000)
 Metaspace       used 38457K, capacity 38954K, committed 39424K, reserved 1085440K
  class space    used 4125K, capacity 4289K, committed 4352K, reserved 1048576K
Event: 79987.272 GC heap after
Heap after GC invocations=57 (full 4):
 PSYoungGen      total 2937344K, used 0K [0x00000006eab00000, 0x00000007c0000000, 0x00000007c0000000)
  eden space 2379776K, 0% used [0x00000006eab00000,0x00000006eab00000,0x000000077bf00000)
  from space 557568K, 0% used [0x000000077bf00000,0x000000077bf00000,0x000000079df80000)
  to   space 557568K, 0% used [0x000000079df80000,0x000000079df80000,0x00000007c0000000)
 ParOldGen       total 6990848K, used 3637718K [0x0000000540000000, 0x00000006eab00000, 0x00000006eab00000)
  object space 6990848K, 52% used [0x0000000540000000,0x000000061e075a18,0x00000006eab00000)
 Metaspace       used 38396K, capacity 38830K, committed 39424K, reserved 1085440K
  class space    used 4103K, capacity 4229K, committed 4352K, reserved 1048576K
}
Event: 79994.493 GC heap before
{Heap before GC invocations=58 (full 4):
 PSYoungGen      total 2937344K, used 2379776K [0x00000006eab00000, 0x00000007c0000000, 0x00000007c0000000)
  eden space 2379776K, 100% used [0x00000006eab00000,0x000000077bf00000,0x000000077bf00000)
  from space 557568K, 0% used [0x000000077bf00000,0x000000077bf00000,0x000000079df80000)
  to   space 557568K, 0% used [0x000000079df80000,0x000000079df80000,0x00000007c0000000)
 ParOldGen       total 6990848K, used 3637718K [0x0000000540000000, 0x00000006eab00000, 0x00000006eab00000)
  object space 6990848K, 52% used [0x0000000540000000,0x000000061e075a18,0x00000006eab00000)
 Metaspace       used 38398K, capacity 38830K, committed 39424K, reserved 1085440K
  class space    used 4103K, capacity 4229K, committed 4352K, reserved 1048576K
Event: 79998.173 GC heap after
Heap after GC invocations=58 (full 4):
 PSYoungGen      total 1722880K, used 557548K [0x00000006eab00000, 0x00000007c0000000, 0x00000007c0000000)
  eden space 1165312K, 0% used [0x00000006eab00000,0x00000006eab00000,0x0000000731d00000)
  from space 557568K, 99% used [0x000000079df80000,0x00000007bfffb230,0x00000007c0000000)
  to   space 1164800K, 0% used [0x0000000731d00000,0x0000000731d00000,0x0000000778e80000)
 ParOldGen       total 6990848K, used 4514874K [0x0000000540000000, 0x00000006eab00000, 0x00000006eab00000)
  object space 6990848K, 64% used [0x0000000540000000,0x000000065390e980,0x00000006eab00000)
 Metaspace       used 38398K, capacity 38830K, committed 39424K, reserved 1085440K
  class space    used 4103K, capacity 4229K, committed 4352K, reserved 1048576K
}
Event: 100475.484 GC heap before
{Heap before GC invocations=59 (full 4):
 PSYoungGen      total 1722880K, used 1722860K [0x00000006eab00000, 0x00000007c0000000, 0x00000007c0000000)
  eden space 1165312K, 100% used [0x00000006eab00000,0x0000000731d00000,0x0000000731d00000)
  from space 557568K, 99% used [0x000000079df80000,0x00000007bfffb230,0x00000007c0000000)
  to   space 1164800K, 0% used [0x0000000731d00000,0x0000000731d00000,0x0000000778e80000)
 ParOldGen       total 6990848K, used 4514874K [0x0000000540000000, 0x00000006eab00000, 0x00000006eab00000)
  object space 6990848K, 64% used [0x0000000540000000,0x000000065390e980,0x00000006eab00000)
 Metaspace       used 38459K, capacity 38894K, committed 39424K, reserved 1085440K
  class space    used 4103K, capacity 4229K, committed 4352K, reserved 1048576K
Event: 100480.795 GC heap after
Heap after GC invocations=59 (full 4):
 PSYoungGen      total 2330112K, used 64300K [0x00000006eab00000, 0x00000007c0000000, 0x00000007c0000000)
  eden space 1165312K, 0% used [0x00000006eab00000,0x00000006eab00000,0x0000000731d00000)
  from space 1164800K, 5% used [0x0000000731d00000,0x0000000735bcb2a0,0x0000000778e80000)
  to   space 1164800K, 0% used [0x0000000778e80000,0x0000000778e80000,0x00000007c0000000)
 ParOldGen       total 6990848K, used 5074519K [0x0000000540000000, 0x00000006eab00000, 0x00000006eab00000)
  object space 6990848K, 72% used [0x0000000540000000,0x0000000675b95e68,0x00000006eab00000)
 Metaspace       used 38459K, capacity 38894K, committed 39424K, reserved 1085440K
  class space    used 4103K, capacity 4229K, committed 4352K, reserved 1048576K
}

Deoptimization events (10 events):
Event: 97481.116 Thread 0x00007f812bb6c000 Uncommon trap: reason=bimorphic action=maybe_recompile pc=0x000000010828b0fc method=sun.java2d.SunGraphics2D.drawString(Ljava/lang/String;II)V @ 68
Event: 97481.133 Thread 0x00007f812bb6c000 Uncommon trap: reason=speculate_class_check action=maybe_recompile pc=0x0000000108297188 method=sun.java2d.pipe.DrawImage.transformImage(Lsun/java2d/SunGraphics2D;Ljava/awt/Image;Ljava/awt/geom/AffineTransform;IIIIILjava/awt/Color;)V @ 120
Event: 97481.143 Thread 0x00007f812bb6c000 Uncommon trap: reason=unstable_if action=reinterpret pc=0x00000001082e1f80 method=sun.java2d.loops.ScaledBlit.getFromCache(Lsun/java2d/loops/SurfaceType;Lsun/java2d/loops/CompositeType;Lsun/java2d/loops/SurfaceType;)Lsun/java2d/loops/ScaledBlit; @ 29
Event: 97481.144 Thread 0x00007f812bb6c000 Uncommon trap: reason=class_check action=maybe_recompile pc=0x0000000106d3ff48 method=sun.awt.image.SurfaceManager.getImageScale(Ljava/awt/Image;)I @ 18
Event: 97481.144 Thread 0x00007f812bb6c000 Uncommon trap: reason=class_check action=maybe_recompile pc=0x00000001079361a0 method=sun.java2d.opengl.OGLBlitLoops.Blit(Lsun/java2d/SurfaceData;Lsun/java2d/SurfaceData;Ljava/awt/Composite;Lsun/java2d/pipe/Region;Ljava/awt/geom/AffineTransform;IIIIIDDDDI
Event: 97500.075 Thread 0x00007f812bb6c000 Uncommon trap: reason=bimorphic action=maybe_recompile pc=0x000000010828b0fc method=sun.java2d.SunGraphics2D.drawString(Ljava/lang/String;II)V @ 68
Event: 97500.085 Thread 0x00007f812bb6c000 Uncommon trap: reason=class_check action=maybe_recompile pc=0x0000000106d3ff48 method=sun.awt.image.SurfaceManager.getImageScale(Ljava/awt/Image;)I @ 18
Event: 97500.085 Thread 0x00007f812bb6c000 Uncommon trap: reason=class_check action=maybe_recompile pc=0x00000001079361a0 method=sun.java2d.opengl.OGLBlitLoops.Blit(Lsun/java2d/SurfaceData;Lsun/java2d/SurfaceData;Ljava/awt/Composite;Lsun/java2d/pipe/Region;Ljava/awt/geom/AffineTransform;IIIIIDDDDI
Event: 97509.098 Thread 0x00007f812bb6c000 Uncommon trap: reason=bimorphic action=maybe_recompile pc=0x000000010828b0fc method=sun.java2d.SunGraphics2D.drawString(Ljava/lang/String;II)V @ 68
Event: 100474.223 Thread 0x00007f812b90e800 Uncommon trap: reason=bimorphic action=maybe_recompile pc=0x00000001079be920 method=java.util.HashMap.removeNode(ILjava/lang/Object;Ljava/lang/Object;ZZ)Ljava/util/HashMap$Node; @ 68

Internal exceptions (10 events):
Event: 6853.415 Thread 0x00007f812bb6c000 Exception <a 'java/lang/ArrayIndexOutOfBoundsException': -1> (0x000000070a51de98) thrown at [/Users/java_re/workspace/8-2-build-macosx-x86_64/jdk8u40/2855/hotspot/src/share/vm/interpreter/interpreterRuntime.cpp, line 366]
Event: 15749.999 Thread 0x00007f812b90e800 Implicit null exception at 0x0000000107f3687c to 0x0000000107f38945
Event: 15752.786 Thread 0x00007f812bb6c000 Implicit null exception at 0x000000010789ad89 to 0x000000010789d0d5
Event: 15752.786 Thread 0x00007f812bb6c000 Implicit null exception at 0x000000010785215e to 0x0000000107852435
Event: 15752.790 Thread 0x00007f812bb6c000 Implicit null exception at 0x000000010770e142 to 0x000000010770e315
Event: 18988.114 Thread 0x00007f812bb6c000 Implicit null exception at 0x0000000106f298de to 0x0000000106f2b621
Event: 80219.582 Thread 0x00007f812bb6c000 Implicit null exception at 0x0000000107c935ac to 0x0000000107c94931
Event: 80219.585 Thread 0x00007f812bb6c000 Implicit null exception at 0x0000000107b8c285 to 0x0000000107b8c821
Event: 80219.585 Thread 0x00007f812bb6c000 Implicit null exception at 0x0000000106928d62 to 0x00000001069291f9
Event: 97397.211 Thread 0x00007f812b90e800 Implicit null exception at 0x0000000107fa0f54 to 0x0000000107fa4911

Events (10 events):
Event: 100480.801 Executing VM operation: RevokeBias
Event: 100480.801 Executing VM operation: RevokeBias done
Event: 100480.802 Executing VM operation: RevokeBias
Event: 100480.802 Executing VM operation: RevokeBias done
Event: 100480.802 Executing VM operation: RevokeBias
Event: 100480.802 Executing VM operation: RevokeBias done
Event: 100480.804 Executing VM operation: RevokeBias
Event: 100480.804 Executing VM operation: RevokeBias done
Event: 100480.804 Executing VM operation: BulkRevokeBias
Event: 100480.804 Executing VM operation: BulkRevokeBias done


Dynamic libraries:
0x0000000007bb6000 	/System/Library/Frameworks/Cocoa.framework/Versions/A/Cocoa
0x0000000007bb6000 	/System/Library/Frameworks/Security.framework/Versions/A/Security
0x0000000007bb6000 	/System/Library/Frameworks/ApplicationServices.framework/Versions/A/ApplicationServices
0x0000000007bb6000 	/usr/lib/libz.1.dylib
0x0000000007bb6000 	/usr/lib/libSystem.B.dylib
0x0000000007bb6000 	/usr/lib/libobjc.A.dylib
0x0000000007bb6000 	/System/Library/Frameworks/CoreFoundation.framework/Versions/A/CoreFoundation
0x0000000007bb6000 	/System/Library/Frameworks/Foundation.framework/Versions/C/Foundation
0x0000000007bb6000 	/System/Library/Frameworks/AppKit.framework/Versions/C/AppKit
0x0000000007bb6000 	/System/Library/Frameworks/CoreData.framework/Versions/A/CoreData
0x0000000007bb6000 	/System/Library/PrivateFrameworks/RemoteViewServices.framework/Versions/A/RemoteViewServices
0x0000000007bb6000 	/System/Library/PrivateFrameworks/UIFoundation.framework/Versions/A/UIFoundation
0x0000000007bb6000 	/usr/lib/libScreenReader.dylib
0x0000000007bb6000 	/System/Library/Frameworks/Accelerate.framework/Versions/A/Accelerate
0x0000000007bb6000 	/System/Library/Frameworks/IOSurface.framework/Versions/A/IOSurface
0x0000000007bb6000 	/System/Library/Frameworks/AudioToolbox.framework/Versions/A/AudioToolbox
0x0000000007bb6000 	/System/Library/Frameworks/AudioUnit.framework/Versions/A/AudioUnit
0x0000000007bb6000 	/System/Library/PrivateFrameworks/DataDetectorsCore.framework/Versions/A/DataDetectorsCore
0x0000000007bb6000 	/System/Library/PrivateFrameworks/DesktopServicesPriv.framework/Versions/A/DesktopServicesPriv
0x0000000007bb6000 	/System/Library/Frameworks/Carbon.framework/Versions/A/Frameworks/HIToolbox.framework/Versions/A/HIToolbox
0x0000000007bb6000 	/System/Library/Frameworks/QuartzCore.framework/Versions/A/QuartzCore
0x0000000007bb6000 	/System/Library/Frameworks/Carbon.framework/Versions/A/Frameworks/SpeechRecognition.framework/Versions/A/SpeechRecognition
0x0000000007bb6000 	/usr/lib/libauto.dylib
0x0000000007bb6000 	/usr/lib/libicucore.A.dylib
0x0000000007bb6000 	/usr/lib/libxml2.2.dylib
0x0000000007bb6000 	/System/Library/PrivateFrameworks/CoreUI.framework/Versions/A/CoreUI
0x0000000007bb6000 	/System/Library/Frameworks/CoreAudio.framework/Versions/A/CoreAudio
0x0000000007bb6000 	/System/Library/Frameworks/DiskArbitration.framework/Versions/A/DiskArbitration
0x0000000007bb6000 	/usr/lib/liblangid.dylib
0x0000000007bb6000 	/System/Library/PrivateFrameworks/MultitouchSupport.framework/Versions/A/MultitouchSupport
0x0000000007bb6000 	/System/Library/Frameworks/IOKit.framework/Versions/A/IOKit
0x0000000007bb6000 	/usr/lib/libDiagnosticMessagesClient.dylib
0x0000000007bb6000 	/System/Library/Frameworks/CoreServices.framework/Versions/A/CoreServices
0x0000000007bb6000 	/System/Library/PrivateFrameworks/PerformanceAnalysis.framework/Versions/A/PerformanceAnalysis
0x0000000007bb6000 	/System/Library/PrivateFrameworks/GenerationalStorage.framework/Versions/A/GenerationalStorage
0x0000000007bb6000 	/System/Library/Frameworks/OpenGL.framework/Versions/A/OpenGL
0x0000000007bb6000 	/System/Library/PrivateFrameworks/Sharing.framework/Versions/A/Sharing
0x0000000007bb6000 	/System/Library/Frameworks/CoreGraphics.framework/Versions/A/CoreGraphics
0x0000000007bb6000 	/System/Library/Frameworks/CoreImage.framework/Versions/A/CoreImage
0x0000000007bb6000 	/System/Library/Frameworks/CoreText.framework/Versions/A/CoreText
0x0000000007bb6000 	/System/Library/Frameworks/ImageIO.framework/Versions/A/ImageIO
0x0000000007bb6000 	/System/Library/PrivateFrameworks/Backup.framework/Versions/A/Backup
0x0000000007bb6000 	/usr/lib/libextension.dylib
0x0000000007bb6000 	/usr/lib/libarchive.2.dylib
0x0000000007bb6000 	/System/Library/Frameworks/CFNetwork.framework/Versions/A/CFNetwork
0x0000000007bb6000 	/System/Library/Frameworks/SystemConfiguration.framework/Versions/A/SystemConfiguration
0x0000000007bb6000 	/usr/lib/libCRFSuite.dylib
0x0000000007bb6000 	/usr/lib/libc++.1.dylib
0x0000000007bb6000 	/usr/lib/libc++abi.dylib
0x0000000007bb6000 	/usr/lib/system/libcache.dylib
0x0000000007bb6000 	/usr/lib/system/libcommonCrypto.dylib
0x0000000007bb6000 	/usr/lib/system/libcompiler_rt.dylib
0x0000000007bb6000 	/usr/lib/system/libcopyfile.dylib
0x0000000007bb6000 	/usr/lib/system/libcorecrypto.dylib
0x0000000007bb6000 	/usr/lib/system/libdispatch.dylib
0x0000000007bb6000 	/usr/lib/system/libdyld.dylib
0x0000000007bb6000 	/usr/lib/system/libkeymgr.dylib
0x0000000007bb6000 	/usr/lib/system/liblaunch.dylib
0x0000000007bb6000 	/usr/lib/system/libmacho.dylib
0x0000000007bb6000 	/usr/lib/system/libquarantine.dylib
0x0000000007bb6000 	/usr/lib/system/libremovefile.dylib
0x0000000007bb6000 	/usr/lib/system/libsystem_asl.dylib
0x0000000007bb6000 	/usr/lib/system/libsystem_blocks.dylib
0x0000000007bb6000 	/usr/lib/system/libsystem_c.dylib
0x0000000007bb6000 	/usr/lib/system/libsystem_configuration.dylib
0x0000000007bb6000 	/usr/lib/system/libsystem_coreservices.dylib
0x0000000007bb6000 	/usr/lib/system/libsystem_coretls.dylib
0x0000000007bb6000 	/usr/lib/system/libsystem_dnssd.dylib
0x0000000007bb6000 	/usr/lib/system/libsystem_info.dylib
0x0000000007bb6000 	/usr/lib/system/libsystem_kernel.dylib
0x0000000007bb6000 	/usr/lib/system/libsystem_m.dylib
0x0000000007bb6000 	/usr/lib/system/libsystem_malloc.dylib
0x0000000007bb6000 	/usr/lib/system/libsystem_network.dylib
0x0000000007bb6000 	/usr/lib/system/libsystem_networkextension.dylib
0x0000000007bb6000 	/usr/lib/system/libsystem_notify.dylib
0x0000000007bb6000 	/usr/lib/system/libsystem_platform.dylib
0x0000000007bb6000 	/usr/lib/system/libsystem_pthread.dylib
0x0000000007bb6000 	/usr/lib/system/libsystem_sandbox.dylib
0x0000000007bb6000 	/usr/lib/system/libsystem_secinit.dylib
0x0000000007bb6000 	/usr/lib/system/libsystem_trace.dylib
0x0000000007bb6000 	/usr/lib/system/libunc.dylib
0x0000000007bb6000 	/usr/lib/system/libunwind.dylib
0x0000000007bb6000 	/usr/lib/system/libxpc.dylib
0x0000000007bb6000 	/usr/lib/libenergytrace.dylib
0x0000000007bb6000 	/usr/lib/libbsm.0.dylib
0x0000000007bb6000 	/usr/lib/system/libkxld.dylib
0x0000000007bb6000 	/usr/lib/libxar.1.dylib
0x0000000007bb6000 	/usr/lib/libsqlite3.dylib
0x0000000007bb6000 	/usr/lib/libpam.2.dylib
0x0000000007bb6000 	/usr/lib/libOpenScriptingUtil.dylib
0x0000000007bb6000 	/usr/lib/libbz2.1.0.dylib
0x0000000007bb6000 	/usr/lib/liblzma.5.dylib
0x0000000007bb6000 	/System/Library/Frameworks/CoreServices.framework/Versions/A/Frameworks/FSEvents.framework/Versions/A/FSEvents
0x0000000007bb6000 	/System/Library/Frameworks/CoreServices.framework/Versions/A/Frameworks/CarbonCore.framework/Versions/A/CarbonCore
0x0000000007bb6000 	/System/Library/Frameworks/CoreServices.framework/Versions/A/Frameworks/Metadata.framework/Versions/A/Metadata
0x0000000007bb6000 	/System/Library/Frameworks/CoreServices.framework/Versions/A/Frameworks/OSServices.framework/Versions/A/OSServices
0x0000000007bb6000 	/System/Library/Frameworks/CoreServices.framework/Versions/A/Frameworks/SearchKit.framework/Versions/A/SearchKit
0x0000000007bb6000 	/System/Library/Frameworks/CoreServices.framework/Versions/A/Frameworks/AE.framework/Versions/A/AE
0x0000000007bb6000 	/System/Library/Frameworks/CoreServices.framework/Versions/A/Frameworks/LaunchServices.framework/Versions/A/LaunchServices
0x0000000007bb6000 	/System/Library/Frameworks/CoreServices.framework/Versions/A/Frameworks/DictionaryServices.framework/Versions/A/DictionaryServices
0x0000000007bb6000 	/System/Library/Frameworks/CoreServices.framework/Versions/A/Frameworks/SharedFileList.framework/Versions/A/SharedFileList
0x0000000007bb6000 	/System/Library/Frameworks/NetFS.framework/Versions/A/NetFS
0x0000000007bb6000 	/System/Library/PrivateFrameworks/NetAuth.framework/Versions/A/NetAuth
0x0000000007bb6000 	/System/Library/PrivateFrameworks/login.framework/Versions/A/Frameworks/loginsupport.framework/Versions/A/loginsupport
0x0000000007bb6000 	/System/Library/PrivateFrameworks/TCC.framework/Versions/A/TCC
0x0000000007bb6000 	/usr/lib/libmecabra.dylib
0x0000000007bb6000 	/System/Library/Frameworks/ApplicationServices.framework/Versions/A/Frameworks/ATS.framework/Versions/A/ATS
0x0000000007bb6000 	/System/Library/Frameworks/ApplicationServices.framework/Versions/A/Frameworks/ColorSync.framework/Versions/A/ColorSync
0x0000000007bb6000 	/System/Library/Frameworks/ApplicationServices.framework/Versions/A/Frameworks/HIServices.framework/Versions/A/HIServices
0x0000000007bb6000 	/System/Library/Frameworks/ApplicationServices.framework/Versions/A/Frameworks/LangAnalysis.framework/Versions/A/LangAnalysis
0x0000000007bb6000 	/System/Library/Frameworks/ApplicationServices.framework/Versions/A/Frameworks/PrintCore.framework/Versions/A/PrintCore
0x0000000007bb6000 	/System/Library/Frameworks/ApplicationServices.framework/Versions/A/Frameworks/QD.framework/Versions/A/QD
0x0000000007bb6000 	/System/Library/Frameworks/ApplicationServices.framework/Versions/A/Frameworks/SpeechSynthesis.framework/Versions/A/SpeechSynthesis
0x0000000007bb6000 	/System/Library/Frameworks/Metal.framework/Versions/A/Metal
0x0000000007bb6000 	/System/Library/Frameworks/Accelerate.framework/Versions/A/Frameworks/vImage.framework/Versions/A/vImage
0x0000000007bb6000 	/System/Library/Frameworks/Accelerate.framework/Versions/A/Frameworks/vecLib.framework/Versions/A/vecLib
0x0000000007bb6000 	/System/Library/Frameworks/Accelerate.framework/Versions/A/Frameworks/vecLib.framework/Versions/A/libvDSP.dylib
0x0000000007bb6000 	/System/Library/Frameworks/Accelerate.framework/Versions/A/Frameworks/vecLib.framework/Versions/A/libvMisc.dylib
0x0000000007bb6000 	/System/Library/Frameworks/Accelerate.framework/Versions/A/Frameworks/vecLib.framework/Versions/A/libLAPACK.dylib
0x0000000007bb6000 	/System/Library/Frameworks/Accelerate.framework/Versions/A/Frameworks/vecLib.framework/Versions/A/libBLAS.dylib
0x0000000007bb6000 	/System/Library/Frameworks/Accelerate.framework/Versions/A/Frameworks/vecLib.framework/Versions/A/libLinearAlgebra.dylib
0x0000000007bb6000 	/System/Library/Frameworks/Accelerate.framework/Versions/A/Frameworks/vecLib.framework/Versions/A/libSparseBLAS.dylib
0x0000000007bb6000 	/System/Library/PrivateFrameworks/GPUCompiler.framework/libmetal_timestamp.dylib
0x0000000007bb6000 	/System/Library/Frameworks/OpenGL.framework/Versions/A/Libraries/libCoreFSCache.dylib
0x0000000007bb6000 	/System/Library/PrivateFrameworks/IOAccelerator.framework/Versions/A/IOAccelerator
0x0000000007bb6000 	/System/Library/Frameworks/ApplicationServices.framework/Versions/A/Frameworks/ATS.framework/Versions/A/Resources/libFontParser.dylib
0x0000000007bb6000 	/System/Library/Frameworks/ApplicationServices.framework/Versions/A/Frameworks/ATS.framework/Versions/A/Resources/libFontRegistry.dylib
0x0000000007bb6000 	/System/Library/PrivateFrameworks/AppleVPA.framework/Versions/A/AppleVPA
0x0000000007bb6000 	/System/Library/PrivateFrameworks/AppleJPEG.framework/Versions/A/AppleJPEG
0x0000000007bb6000 	/System/Library/Frameworks/ImageIO.framework/Versions/A/Resources/libJPEG.dylib
0x0000000007bb6000 	/System/Library/Frameworks/ImageIO.framework/Versions/A/Resources/libTIFF.dylib
0x0000000007bb6000 	/System/Library/Frameworks/ImageIO.framework/Versions/A/Resources/libPng.dylib
0x0000000007bb6000 	/System/Library/Frameworks/ImageIO.framework/Versions/A/Resources/libGIF.dylib
0x0000000007bb6000 	/System/Library/Frameworks/ImageIO.framework/Versions/A/Resources/libJP2.dylib
0x0000000007bb6000 	/System/Library/Frameworks/ImageIO.framework/Versions/A/Resources/libRadiance.dylib
0x0000000007bb6000 	/System/Library/Frameworks/CoreVideo.framework/Versions/A/CoreVideo
0x0000000007bb6000 	/System/Library/Frameworks/OpenGL.framework/Versions/A/Libraries/libGLU.dylib
0x0000000007bb6000 	/System/Library/Frameworks/OpenGL.framework/Versions/A/Libraries/libGFXShared.dylib
0x0000000007bb6000 	/System/Library/Frameworks/OpenGL.framework/Versions/A/Libraries/libGL.dylib
0x0000000007bb6000 	/System/Library/Frameworks/OpenGL.framework/Versions/A/Libraries/libGLImage.dylib
0x0000000007bb6000 	/System/Library/Frameworks/OpenGL.framework/Versions/A/Libraries/libCVMSPluginSupport.dylib
0x0000000007bb6000 	/System/Library/Frameworks/OpenGL.framework/Versions/A/Libraries/libCoreVMClient.dylib
0x0000000007bb6000 	/usr/lib/libcups.2.dylib
0x0000000007bb6000 	/System/Library/Frameworks/Kerberos.framework/Versions/A/Kerberos
0x0000000007bb6000 	/System/Library/Frameworks/GSS.framework/Versions/A/GSS
0x0000000007bb6000 	/usr/lib/libresolv.9.dylib
0x0000000007bb6000 	/usr/lib/libiconv.2.dylib
0x0000000007bb6000 	/System/Library/PrivateFrameworks/Heimdal.framework/Versions/A/Heimdal
0x0000000007bb6000 	/usr/lib/libheimdal-asn1.dylib
0x0000000007bb6000 	/System/Library/Frameworks/OpenDirectory.framework/Versions/A/OpenDirectory
0x0000000007bb6000 	/System/Library/PrivateFrameworks/CommonAuth.framework/Versions/A/CommonAuth
0x0000000007bb6000 	/System/Library/Frameworks/OpenDirectory.framework/Versions/A/Frameworks/CFOpenDirectory.framework/Versions/A/CFOpenDirectory
0x0000000007bb6000 	/System/Library/Frameworks/SecurityFoundation.framework/Versions/A/SecurityFoundation
0x0000000007bb6000 	/System/Library/PrivateFrameworks/LanguageModeling.framework/Versions/A/LanguageModeling
0x0000000007bb6000 	/usr/lib/libmarisa.dylib
0x0000000007bb6000 	/usr/lib/libChineseTokenizer.dylib
0x0000000007bb6000 	/usr/lib/libcmph.dylib
0x0000000007bb6000 	/usr/lib/libcompression.dylib
0x0000000007bb6000 	/System/Library/Frameworks/ServiceManagement.framework/Versions/A/ServiceManagement
0x0000000007bb6000 	/usr/lib/libxslt.1.dylib
0x0000000007bb6000 	/System/Library/Frameworks/Carbon.framework/Versions/A/Frameworks/Ink.framework/Versions/A/Ink
0x0000000007bb6000 	/usr/lib/libFosl_dynamic.dylib
0x0000000007bb6000 	/System/Library/PrivateFrameworks/FaceCore.framework/Versions/A/FaceCore
0x0000000007bb6000 	/System/Library/Frameworks/OpenCL.framework/Versions/A/OpenCL
0x0000000007bb6000 	/System/Library/PrivateFrameworks/CrashReporterSupport.framework/Versions/A/CrashReporterSupport
0x0000000007bb6000 	/System/Library/PrivateFrameworks/IconServices.framework/Versions/A/IconServices
0x0000000007bb6000 	/System/Library/PrivateFrameworks/Apple80211.framework/Versions/A/Apple80211
0x0000000007bb6000 	/System/Library/Frameworks/CoreWLAN.framework/Versions/A/CoreWLAN
0x0000000007bb6000 	/System/Library/Frameworks/IOBluetooth.framework/Versions/A/IOBluetooth
0x0000000007bb6000 	/System/Library/PrivateFrameworks/CoreWiFi.framework/Versions/A/CoreWiFi
0x0000000007bb6000 	/System/Library/Frameworks/CoreBluetooth.framework/Versions/A/CoreBluetooth
0x0000000007bb6000 	/System/Library/PrivateFrameworks/ChunkingLibrary.framework/Versions/A/ChunkingLibrary
0x0000000007bb6000 	/System/Library/PrivateFrameworks/DebugSymbols.framework/Versions/A/DebugSymbols
0x0000000007bb6000 	/System/Library/PrivateFrameworks/CoreSymbolication.framework/Versions/A/CoreSymbolication
0x0000000007bb6000 	/System/Library/PrivateFrameworks/Symbolication.framework/Versions/A/Symbolication
0x0000000007bb6000 	/System/Library/PrivateFrameworks/SpeechRecognitionCore.framework/Versions/A/SpeechRecognitionCore
0x0000000105800000 	/Library/Java/JavaVirtualMachines/jdk1.8.0_40.jdk/Contents/Home/jre/lib/server/libjvm.dylib
0x0000000007bb6000 	/usr/lib/libstdc++.6.dylib
0x0000000104ede000 	/Library/Java/JavaVirtualMachines/jdk1.8.0_40.jdk/Contents/Home/jre/lib/libverify.dylib
0x0000000104eec000 	/Library/Java/JavaVirtualMachines/jdk1.8.0_40.jdk/Contents/Home/jre/lib/libjava.dylib
0x0000000104f2b000 	/Library/Java/JavaVirtualMachines/jdk1.8.0_40.jdk/Contents/Home/jre/lib/libzip.dylib
0x000000012eb4e000 	/System/Library/Frameworks/JavaVM.framework/Frameworks/JavaRuntimeSupport.framework/JavaRuntimeSupport
0x000000012eb69000 	/System/Library/Frameworks/JavaVM.framework/Versions/A/Frameworks/JavaNativeFoundation.framework/Versions/A/JavaNativeFoundation
0x000000012eb7e000 	/System/Library/Frameworks/JavaVM.framework/Versions/A/JavaVM
0x0000000007bb6000 	/System/Library/Frameworks/Carbon.framework/Versions/A/Carbon
0x000000012eb8b000 	/System/Library/PrivateFrameworks/JavaLaunching.framework/Versions/A/JavaLaunching
0x0000000007bb6000 	/System/Library/Frameworks/Carbon.framework/Versions/A/Frameworks/CommonPanels.framework/Versions/A/CommonPanels
0x0000000007bb6000 	/System/Library/Frameworks/Carbon.framework/Versions/A/Frameworks/Help.framework/Versions/A/Help
0x0000000007bb6000 	/System/Library/Frameworks/Carbon.framework/Versions/A/Frameworks/ImageCapture.framework/Versions/A/ImageCapture
0x0000000007bb6000 	/System/Library/Frameworks/Carbon.framework/Versions/A/Frameworks/OpenScripting.framework/Versions/A/OpenScripting
0x0000000007bb6000 	/System/Library/Frameworks/Carbon.framework/Versions/A/Frameworks/Print.framework/Versions/A/Print
0x0000000007bb6000 	/System/Library/Frameworks/Carbon.framework/Versions/A/Frameworks/SecurityHI.framework/Versions/A/SecurityHI
0x00000001308d1000 	/Library/Java/JavaVirtualMachines/jdk1.8.0_40.jdk/Contents/Home/jre/lib/libawt.dylib
0x0000000130979000 	/Library/Java/JavaVirtualMachines/jdk1.8.0_40.jdk/Contents/Home/jre/lib/./libmlib_image.dylib
0x0000000130a45000 	/Library/Java/JavaVirtualMachines/jdk1.8.0_40.jdk/Contents/Home/jre/lib/libawt_lwawt.dylib
0x0000000130af9000 	/Library/Java/JavaVirtualMachines/jdk1.8.0_40.jdk/Contents/Home/jre/lib/./libosxapp.dylib
0x0000000007bb6000 	/System/Library/Frameworks/ExceptionHandling.framework/Versions/A/ExceptionHandling
0x0000000007bb6000 	/System/Library/PrivateFrameworks/CoreServicesInternal.framework/Versions/A/CoreServicesInternal
0x0000000007bb6000 	/System/Library/CoreServices/RawCamera.bundle/Contents/MacOS/RawCamera
0x0000000007bb6000 	/System/Library/Frameworks/CoreGraphics.framework/Versions/A/Resources/libRIP.A.dylib
0x0000000131654000 	/System/Library/Frameworks/Accelerate.framework/Frameworks/vImage.framework/Versions/A/Libraries/libCGInterfaces.dylib
0x0000000007bb6000 	/System/Library/Frameworks/CoreGraphics.framework/Versions/A/Resources/libCGXType.A.dylib
0x0000000007bb6000 	/System/Library/Frameworks/OpenCL.framework/Versions/A/Libraries/libcldcpuengine.dylib
0x0000000007bb6000 	/System/Library/PrivateFrameworks/DiskImages.framework/Versions/A/DiskImages
0x0000000007bb6000 	/System/Library/Frameworks/DiscRecording.framework/Versions/A/DiscRecording
0x0000000007bb6000 	/usr/lib/libcsfde.dylib
0x0000000007bb6000 	/usr/lib/libcurl.4.dylib
0x0000000007bb6000 	/System/Library/PrivateFrameworks/MediaKit.framework/Versions/A/MediaKit
0x0000000007bb6000 	/System/Library/PrivateFrameworks/ProtectedCloudStorage.framework/Versions/A/ProtectedCloudStorage
0x0000000007bb6000 	/usr/lib/libCoreStorage.dylib
0x0000000007bb6000 	/System/Library/PrivateFrameworks/EFILogin.framework/Versions/A/EFILogin
0x0000000007bb6000 	/usr/lib/libutil.dylib
0x0000000007bb6000 	/System/Library/PrivateFrameworks/FindMyDevice.framework/Versions/A/FindMyDevice
0x0000000007bb6000 	/System/Library/Frameworks/LDAP.framework/Versions/A/LDAP
0x0000000007bb6000 	/usr/lib/libsasl2.2.dylib
0x0000000007bb6000 	/System/Library/PrivateFrameworks/CoreDaemon.framework/Versions/B/CoreDaemon
0x0000000007bb6000 	/usr/lib/libcrypto.0.9.8.dylib
0x0000000007bb6000 	/System/Library/PrivateFrameworks/AppleSRP.framework/Versions/A/AppleSRP
0x0000000007bb6000 	/System/Library/PrivateFrameworks/TrustEvaluationAgent.framework/Versions/A/TrustEvaluationAgent
0x00000001321d7000 	cl_kernels
0x0000000007bb6000 	/System/Library/Frameworks/OpenCL.framework/Versions/A/Libraries/ImageFormats/unorm8_bgra.dylib
0x0000000007bb6000 	/System/Library/Frameworks/OpenCL.framework/Versions/A/Libraries/ImageFormats/unorm8_rgba.dylib
0x0000000007bb6000 	/System/Library/PrivateFrameworks/FamilyControls.framework/Versions/A/FamilyControls
0x0000000007bb6000 	/System/Library/PrivateFrameworks/CommerceKit.framework/Versions/A/Frameworks/CommerceCore.framework/Versions/A/CommerceCore
0x0000000007bb6000 	/System/Library/PrivateFrameworks/SystemAdministration.framework/Versions/A/SystemAdministration
0x0000000007bb6000 	/System/Library/PrivateFrameworks/AppContainer.framework/Versions/A/AppContainer
0x0000000007bb6000 	/System/Library/PrivateFrameworks/SecCodeWrapper.framework/Versions/A/SecCodeWrapper
0x0000000007bb6000 	/System/Library/Frameworks/DirectoryService.framework/Versions/A/DirectoryService
0x0000000007bb6000 	/System/Library/PrivateFrameworks/LoginUIKit.framework/Versions/A/Frameworks/LoginUICore.framework/Versions/A/LoginUICore
0x0000000007bb6000 	/usr/lib/libodfde.dylib
0x00000001333d0000 	/Library/Java/JavaVirtualMachines/jdk1.8.0_40.jdk/Contents/Home/jre/lib/libfontmanager.dylib
0x0000000133437000 	/Library/Java/JavaVirtualMachines/jdk1.8.0_40.jdk/Contents/Home/jre/lib/libosxui.dylib
0x0000000133e96000 	/System/Library/Frameworks/OpenGL.framework/Resources/GLEngine.bundle/GLEngine
0x0000000007bb6000 	/System/Library/Frameworks/OpenGL.framework/Versions/A/Libraries/libGLProgrammability.dylib
0x000000013407e000 	/System/Library/Extensions/AppleIntelHD5000GraphicsGLDriver.bundle/Contents/MacOS/AppleIntelHD5000GraphicsGLDriver
0x0000000007bb6000 	/System/Library/PrivateFrameworks/GPUSupport.framework/Versions/A/Libraries/libGPUSupportMercury.dylib
0x00000001347d2000 	/System/Library/Frameworks/OpenGL.framework/Resources//GLRendererFloat.bundle/GLRendererFloat
0x00000001352db000 	/Library/Java/JavaVirtualMachines/jdk1.8.0_40.jdk/Contents/Home/jre/lib/libnio.dylib
0x00000001352eb000 	/Library/Java/JavaVirtualMachines/jdk1.8.0_40.jdk/Contents/Home/jre/lib/./libnet.dylib
0x0000000139749000 	/System/Library/Extensions/AppleIntelHD5000GraphicsMTLDriver.bundle/Contents/MacOS/AppleIntelHD5000GraphicsMTLDriver
0x0000000007bb6000 	/System/Library/Frameworks/ApplicationServices.framework/Versions/A/Frameworks/ATS.framework/Versions/A/Resources/libTrueTypeScaler.dylib
0x000000013d30e000 	/Library/Java/JavaVirtualMachines/jdk1.8.0_40.jdk/Contents/Home/jre/lib/libdcpr.dylib
0x0000000007bb6000 	/System/Library/PrivateFrameworks/CloudDocs.framework/Versions/A/CloudDocs
0x0000000007bb6000 	/System/Library/PrivateFrameworks/CoreDuet.framework/Versions/A/CoreDuet
0x0000000007bb6000 	/System/Library/Frameworks/CloudKit.framework/Versions/A/CloudKit
0x0000000007bb6000 	/System/Library/PrivateFrameworks/ProtocolBuffer.framework/Versions/A/ProtocolBuffer
0x0000000007bb6000 	/System/Library/PrivateFrameworks/CoreDuetDaemonProtocol.framework/Versions/A/CoreDuetDaemonProtocol
0x0000000007bb6000 	/System/Library/PrivateFrameworks/CoreDuetDebugLogging.framework/Versions/A/CoreDuetDebugLogging
0x0000000007bb6000 	/System/Library/PrivateFrameworks/MMCS.framework/Versions/A/MMCS
0x0000000007bb6000 	/System/Library/Frameworks/CoreLocation.framework/Versions/A/CoreLocation
0x0000000007bb6000 	/System/Library/PrivateFrameworks/AssetCacheServices.framework/Versions/A/AssetCacheServices
0x0000000007bb6000 	/System/Library/PrivateFrameworks/GeoServices.framework/Versions/A/GeoServices
0x0000000007bb6000 	/System/Library/PrivateFrameworks/Shortcut.framework/Versions/A/Shortcut
0x0000000007bb6000 	/System/Library/PrivateFrameworks/HelpData.framework/Versions/A/HelpData
0x0000000007bb6000 	/usr/lib/libtidy.A.dylib

VM Arguments:
jvm_args: -Xmx10G -Xms10G 
java_command: whiteboxgis.WhiteboxGui
java_class_path (initial): /Users/johnlindsay/Documents/Programming/Whitebox/trunk/WhiteboxGIS/Jama-1.0.3.jar:/Users/johnlindsay/Documents/Programming/Whitebox/trunk/WhiteboxGIS/autocomplete.jar:/Users/johnlindsay/Documents/Programming/Whitebox/trunk/WhiteboxGIS/colt-1.2.0.jar:/Users/johnlindsay/Documents/Programming/Whitebox/trunk/WhiteboxGIS/commons-io-2.4.jar:/Users/johnlindsay/Documents/Programming/Whitebox/trunk/WhiteboxGIS/commons-math3-3.2.jar:/Users/johnlindsay/Documents/Programming/Whitebox/trunk/WhiteboxGIS/finmath-lib.jar:/Users/johnlindsay/Documents/Programming/Whitebox/trunk/WhiteboxGIS/gson-2.2.2.jar:/Users/johnlindsay/Documents/Programming/Whitebox/trunk/WhiteboxGIS/jMetal.jar:/Users/johnlindsay/Documents/Programming/Whitebox/trunk/WhiteboxGIS/jcommon-1.0.18.jar:/Users/johnlindsay/Documents/Programming/Whitebox/trunk/WhiteboxGIS/jfreechart-1.0.15.jar:/Users/johnlindsay/Documents/Programming/Whitebox/trunk/WhiteboxAPI/resources/jts-1.13.jar:/Users/johnlindsay/Documents/Programming/Whitebox/trunk/WhiteboxGIS/rsyntaxtextarea.jar:/Applications/NetBeans/NetBeans 8.0.1.app/Contents/Resources/NetBeans/platform/modules/ext/swing-layout-1.0.4.jar:/Users/johnlindsay/Documents/Programming/Whitebox/trunk/RasterCalculator/dist/RasterCalculator.jar:/Users/johnlindsay/Documents/Programming/Whitebox/trunk/WhiteboxAPI/dist/WhiteboxAPI.jar:/Users/johnlindsay/Documents/Programming/Whitebox/trunk/WhiteboxGIS/commons-imaging-1.0-SNAPSHOT.jar:/Users/johnlindsay/Documents/Programming/Whitebox/trunk/WhiteboxGIS/jython-standalone-2.7-b4.jar:/Users/johnlindsay/Documents/Programming/Whitebox/trunk/WhiteboxGIS/groovy-all-2.3.0.jar:/Users/johnlindsay/Documents/Programming/Whitebox/trunk/WhiteboxGIS/build/classes
Launcher Type: SUN_STANDARD

Environment Variables:
PATH=/usr/bin:/bin:/usr/sbin:/sbin
LD_LIBRARY_PATH=/Library/Java/JavaVirtualMachines/jdk1.8.0_40.jdk/Contents/Home/jre/lib/amd64:/Library/Java/JavaVirtualMachines/jdk1.8.0_40.jdk/Contents/Home/jre/lib/i386:
SHELL=/bin/bash
DISPLAY=/private/tmp/com.apple.launchd.uGQH8GbnD2/org.macosforge.xquartz:0

Signal Handlers:
SIGSEGV: [libjvm.dylib+0x58ef95], sa_mask[0]=11111111011111110111111111111111, sa_flags=SA_ONSTACK|SA_RESTART|SA_SIGINFO
SIGBUS: [libjvm.dylib+0x58ef95], sa_mask[0]=11111111011111110111111111111111, sa_flags=SA_RESTART|SA_SIGINFO
SIGFPE: [libjvm.dylib+0x46c118], sa_mask[0]=11111111011111110111111111111111, sa_flags=SA_RESTART|SA_SIGINFO
SIGPIPE: [libjvm.dylib+0x46c118], sa_mask[0]=11111111011111110111111111111111, sa_flags=SA_RESTART|SA_SIGINFO
SIGXFSZ: [libjvm.dylib+0x46c118], sa_mask[0]=11111111011111110111111111111111, sa_flags=SA_RESTART|SA_SIGINFO
SIGILL: [libjvm.dylib+0x46c118], sa_mask[0]=11111111011111110111111111111111, sa_flags=SA_RESTART|SA_SIGINFO
SIGUSR1: SIG_DFL, sa_mask[0]=00000000000000000000000000000000, sa_flags=none
SIGUSR2: [libjvm.dylib+0x46bc36], sa_mask[0]=00100000000000000000000000000000, sa_flags=SA_RESTART|SA_SIGINFO
SIGHUP: [libjvm.dylib+0x46a209], sa_mask[0]=11111111011111110111111111111111, sa_flags=SA_RESTART|SA_SIGINFO
SIGINT: SIG_IGN, sa_mask[0]=00000000000000000000000000000000, sa_flags=none
SIGTERM: [libjvm.dylib+0x46a209], sa_mask[0]=11111111011111110111111111111111, sa_flags=SA_RESTART|SA_SIGINFO
SIGQUIT: [libjvm.dylib+0x46a209], sa_mask[0]=11111111011111110111111111111111, sa_flags=SA_RESTART|SA_SIGINFO


---------------  S Y S T E M  ---------------

OS:Bsduname:Darwin 15.3.0 Darwin Kernel Version 15.3.0: Thu Dec 10 18:40:58 PST 2015; root:xnu-3248.30.4~1/RELEASE_X86_64 x86_64
rlimit: STACK 8192k, CORE 0k, NPROC 709, NOFILE 10240, AS infinity
load average:1.69 1.80 1.65

CPU:total 4 (2 cores per cpu, 2 threads per core) family 6 model 69 stepping 1, cmov, cx8, fxsr, mmx, sse, sse2, sse3, ssse3, sse4.1, sse4.2, popcnt, avx, avx2, aes, clmul, erms, lzcnt, ht, tsc, tscinvbit, bmi1, bmi2

Memory: 4k page, physical 16777216k(1837504k free)

/proc/meminfo:


vm_info: Java HotSpot(TM) 64-Bit Server VM (25.40-b25) for bsd-amd64 JRE (1.8.0_40-b25), built on Feb 10 2015 21:07:25 by "java_re" with gcc 4.2.1 (Based on Apple Inc. build 5658) (LLVM build 2336.11.00)

time: Wed Feb  3 11:19:49 2016
elapsed time: 100480 seconds (1d 3h 54m 40s)

