#
# A fatal error has been detected by the Java Runtime Environment:
#
#  SIGSEGV (0xb) at pc=0x0000000140a26e57, pid=23068, tid=44083
#
# JRE version: Java(TM) SE Runtime Environment (8.0_40-b25) (build 1.8.0_40-b25)
# Java VM: Java HotSpot(TM) 64-Bit Server VM (25.40-b25 mixed mode bsd-amd64 compressed oops)
# Problematic frame:
# C  [libawt_lwawt.dylib+0x1ae57]  OGLSD_SetScratchSurface+0x49
#
# Failed to write core dump. Core dumps have been disabled. To enable core dumping, try "ulimit -c unlimited" before starting Java again
#
# If you would like to submit a bug report, please visit:
#   http://bugreport.java.com/bugreport/crash.jsp
# The crash happened outside the Java Virtual Machine in native code.
# See problematic frame for where to report the bug.
#

---------------  T H R E A D  ---------------

Current thread (0x00007f868b199000):  JavaThread "Java2D Queue Flusher" daemon [_thread_in_native, id=44083, stack(0x00007000012d6000,0x00007000013d6000)]

siginfo: si_signo: 11 (SIGSEGV), si_code: 1 (SEGV_MAPERR), si_addr: 0x0000000000000002

Registers:
RAX=0x00000000ffffffff, RBX=0x0000000000000002, RCX=0x0000000000000047, RDX=0x0000000140a477bc
RSP=0x00007000013d5800, RBP=0x00007000013d5820, RSI=0x00007f868f98d280, RDI=0x00007f868b1991f8
R8 =0x00000000fffffffc, R9 =0x0000000440020c18, R10=0x000000010d86e3f8, R11=0x0000000000000020
R12=0x0000000000000000, R13=0x0000000440020c18, R14=0x00007f868b1991f8, R15=0x00007f868b199000
RIP=0x0000000140a26e57, EFLAGS=0x0000000000010202, ERR=0x0000000000000004
  TRAPNO=0x000000000000000e

Top of Stack: (sp=0x00007000013d5800)
0x00007000013d5800:   00007f868f98d280 0000000000000000
0x00007000013d5810:   00007f868b234610 00007f868b199000
0x00007000013d5820:   00007000013d58a0 0000000140a4729a
0x00007000013d5830:   0000000000000064 00007f868ac60ab8
0x00007000013d5840:   00007000013d58a0 000000010bc35bc7
0x00007000013d5850:   0000000000000005 00007f868b199000
0x00007000013d5860:   0000000440020c01 00007f868b234620
0x00007000013d5870:   00007000003d5800 00007f868b1991f8
0x00007000013d5880:   0000000000000000 0000000000000000
0x00007000013d5890:   00007000013d5960 00007f868b199000
0x00007000013d58a0:   00007000013d58f0 000000010d86e46a
0x00007000013d58b0:   0000000440020b40 00007000013d58e0
0x00007000013d58c0:   000000013d6a5628 00007f868fa05650
0x00007000013d58d0:   0000000000000000 000000010de1a658
0x00007000013d58e0:   00007000013d5960 0000000000000246
0x00007000013d58f0:   0000000088004168 000000010e6dd76c
0x00007000013d5900:   000000000000001f 0000000440020b40
0x00007000013d5910:   0000000000000000 0000000440020c18
0x00007000013d5920:   0000000440020c18 0000001d0000001f
0x00007000013d5930:   00007f868fa05650 00007000013d59d0
0x00007000013d5940:   0000000000000001 0000000000000000
0x00007000013d5950:   00007000013d59d0 000000010d2007a7
0x00007000013d5960:   0000000440020c18 0000000440020c18
0x00007000013d5970:   0000700000001fa0 000000000000000a
0x00007000013d5980:   00007f868b199000 0000000000000001
0x00007000013d5990:   000000010d20071f 000000013d6a02e0
0x00007000013d59a0:   00007000013d5a68 00007000013d5d00
0x00007000013d59b0:   000000010000000a 000000013d6a02e0
0x00007000013d59c0:   000000010d2110a0 00007000013d5c70
0x00007000013d59d0:   00007000013d5b80 000000010bbdc36e
0x00007000013d59e0:   0000700000000001 00007f868b199000
0x00007000013d59f0:   00007f868b199000 00007000013d5d00 

Instructions: (pc=0x0000000140a26e57)
0x0000000140a26e37:   c0 e9 82 00 00 00 48 8b 5e 10 48 85 db 75 0e bf
0x0000000140a26e47:   01 00 00 00 48 8d 15 a4 76 03 00 eb d6 49 89 fe
0x0000000140a26e57:   4c 8b 3b 30 c0 e8 5f a3 02 00 49 8b 3f 49 89 c4
0x0000000140a26e67:   48 8b 35 ba f6 05 00 30 c0 e8 83 a4 02 00 48 85 

Register to memory mapping:

RAX=0x00000000ffffffff is an unknown value
RBX=0x0000000000000002 is an unknown value
RCX=0x0000000000000047 is an unknown value
RDX=0x0000000140a477bc: Java_sun_java2d_opengl_OGLRenderQueue_flushBuffer+0xb5c in /Library/Java/JavaVirtualMachines/jdk1.8.0_40.jdk/Contents/Home/jre/lib/libawt_lwawt.dylib at 0x0000000140a0c000
RSP=0x00007000013d5800 is pointing into the stack for thread: 0x00007f868b199000
RBP=0x00007000013d5820 is pointing into the stack for thread: 0x00007f868b199000
RSI=0x00007f868f98d280 is an unknown value
RDI=0x00007f868b1991f8 is an unknown value
R8 =0x00000000fffffffc is an unknown value
R9 =0x0000000440020c18 is an oop
sun.java2d.opengl.OGLRenderQueue$QueueFlusher 
 - klass: 'sun/java2d/opengl/OGLRenderQueue$QueueFlusher'
R10=0x000000010d86e3f8 is at entry_point+56 in (nmethod*)0x000000010d86e250
R11=0x0000000000000020 is an unknown value
R12=0x0000000000000000 is an unknown value
R13=0x0000000440020c18 is an oop
sun.java2d.opengl.OGLRenderQueue$QueueFlusher 
 - klass: 'sun/java2d/opengl/OGLRenderQueue$QueueFlusher'
R14=0x00007f868b1991f8 is an unknown value
R15=0x00007f868b199000 is a thread


Stack: [0x00007000012d6000,0x00007000013d6000],  sp=0x00007000013d5800,  free space=1022k
Native frames: (J=compiled Java code, j=interpreted, Vv=VM code, C=native code)
C  [libawt_lwawt.dylib+0x1ae57]  OGLSD_SetScratchSurface+0x49
C  [libawt_lwawt.dylib+0x3b29a]  Java_sun_java2d_opengl_OGLRenderQueue_flushBuffer+0x63a
J 2224  sun.java2d.opengl.OGLRenderQueue.flushBuffer(JI)V (0 bytes) @ 0x000000010d86e46a [0x000000010d86e3c0+0xaa]
J 6971% C2 sun.java2d.opengl.OGLRenderQueue$QueueFlusher.run()V (234 bytes) @ 0x000000010e6dd76c [0x000000010e6dd5e0+0x18c]

Java frames: (J=compiled Java code, j=interpreted, Vv=VM code)
J 2224  sun.java2d.opengl.OGLRenderQueue.flushBuffer(JI)V (0 bytes) @ 0x000000010d86e3f8 [0x000000010d86e3c0+0x38]
J 6971% C2 sun.java2d.opengl.OGLRenderQueue$QueueFlusher.run()V (234 bytes) @ 0x000000010e6dd76c [0x000000010e6dd5e0+0x18c]
v  ~StubRoutines::call_stub

---------------  P R O C E S S  ---------------

Java Threads: ( => current thread )
  0x00007f868c476000 JavaThread "SwingWorker-pool-1-thread-9" daemon [_thread_blocked, id=59835, stack(0x0000700001f80000,0x0000700002080000)]
  0x00007f869291c000 JavaThread "SwingWorker-pool-1-thread-8" daemon [_thread_blocked, id=71347, stack(0x0000700001e7d000,0x0000700001f7d000)]
  0x00007f8692ff3800 JavaThread "SwingWorker-pool-1-thread-7" daemon [_thread_blocked, id=15311, stack(0x0000700001d7a000,0x0000700001e7a000)]
  0x00007f8692980800 JavaThread "SwingWorker-pool-1-thread-6" daemon [_thread_blocked, id=67559, stack(0x0000700001765000,0x0000700001865000)]
  0x00007f868ba66000 JavaThread "SwingWorker-pool-1-thread-5" daemon [_thread_blocked, id=13387, stack(0x0000700001c77000,0x0000700001d77000)]
  0x00007f869290a800 JavaThread "SwingWorker-pool-1-thread-4" daemon [_thread_blocked, id=38551, stack(0x0000700001af1000,0x0000700001bf1000)]
  0x00007f868cf60800 JavaThread "SwingWorker-pool-1-thread-3" daemon [_thread_blocked, id=70587, stack(0x0000700000fc7000,0x00007000010c7000)]
  0x00007f86900bd800 JavaThread "SwingWorker-pool-1-thread-2" daemon [_thread_blocked, id=70767, stack(0x00007000014dc000,0x00007000015dc000)]
  0x00007f868cda2800 JavaThread "SwingWorker-pool-1-thread-1" daemon [_thread_blocked, id=61299, stack(0x0000700001868000,0x0000700001968000)]
  0x00007f868c44b800 JavaThread "TimerQueue" daemon [_thread_blocked, id=62723, stack(0x000070000196b000,0x0000700001a6b000)]
  0x00007f868b200000 JavaThread "DestroyJavaVM" [_thread_blocked, id=5891, stack(0x000070000011a000,0x000070000021a000)]
  0x00007f868cb8f800 JavaThread "AWT-EventQueue-0" [_thread_in_Java, id=57859, stack(0x0000700001662000,0x0000700001762000)]
  0x00007f868cb67000 JavaThread "AWT-Shutdown" [_thread_blocked, id=26927, stack(0x0000700001150000,0x0000700001250000)]
  0x00007f868c9e6000 JavaThread "Java2D Disposer" daemon [_thread_blocked, id=52243, stack(0x00007000013d9000,0x00007000014d9000)]
=>0x00007f868b199000 JavaThread "Java2D Queue Flusher" daemon [_thread_in_native, id=44083, stack(0x00007000012d6000,0x00007000013d6000)]
  0x00007f868c96e000 JavaThread "AppKit Thread" daemon [_thread_in_native, id=2571, stack(0x00007fff53d80000,0x00007fff54580000)]
  0x00007f868c85b000 JavaThread "Service Thread" daemon [_thread_blocked, id=18435, stack(0x0000700000dc1000,0x0000700000ec1000)]
  0x00007f868c027800 JavaThread "C1 CompilerThread2" daemon [_thread_blocked, id=17923, stack(0x0000700000cbe000,0x0000700000dbe000)]
  0x00007f868b013000 JavaThread "C2 CompilerThread1" daemon [_thread_blocked, id=17411, stack(0x0000700000bbb000,0x0000700000cbb000)]
  0x00007f868c01b800 JavaThread "C2 CompilerThread0" daemon [_thread_blocked, id=16899, stack(0x0000700000ab8000,0x0000700000bb8000)]
  0x00007f868b005800 JavaThread "Signal Dispatcher" daemon [_thread_blocked, id=13839, stack(0x00007000009b5000,0x0000700000ab5000)]
  0x00007f868c00f000 JavaThread "Finalizer" daemon [_thread_blocked, id=12291, stack(0x000070000082f000,0x000070000092f000)]
  0x00007f868b006800 JavaThread "Reference Handler" daemon [_thread_blocked, id=11779, stack(0x000070000072c000,0x000070000082c000)]

Other Threads:
  0x00007f868b813000 VMThread [stack: 0x0000700000629000,0x0000700000729000] [id=11267]
  0x00007f868c856800 WatcherThread [stack: 0x0000700000ec4000,0x0000700000fc4000] [id=18947]

VM state:not at safepoint (normal execution)

VM Mutex/Monitor currently owned by a thread: None

Heap:
 PSYoungGen      total 4604928K, used 166543K [0x0000000695580000, 0x00000007c0000000, 0x00000007c0000000)
  eden space 4316672K, 1% used [0x0000000695580000,0x0000000699c0f028,0x000000079cd00000)
  from space 288256K, 32% used [0x000000079cd00000,0x00000007a2914df8,0x00000007ae680000)
  to   space 273408K, 0% used [0x00000007af500000,0x00000007af500000,0x00000007c0000000)
 ParOldGen       total 9786880K, used 133065K [0x0000000440000000, 0x0000000695580000, 0x0000000695580000)
  object space 9786880K, 1% used [0x0000000440000000,0x00000004481f2480,0x0000000695580000)
 Metaspace       used 30026K, capacity 30577K, committed 30720K, reserved 1077248K
  class space    used 3404K, capacity 3541K, committed 3584K, reserved 1048576K

Card table byte_map: [0x000000011c5c0000,0x000000011e1c1000] byte_map_base: 0x000000011a3c0000

Marking Bits: (ParMarkBitMap*) 0x000000010c1be7a0
 Begin Bits: [0x000000011f46c000, 0x000000012d46c000)
 End Bits:   [0x000000012d46c000, 0x000000013b46c000)

Polling page: 0x000000010c8ac000

CodeCache: size=245760Kb used=21394Kb max_used=21405Kb free=224365Kb
 bounds [0x000000010d200000, 0x000000010e710000, 0x000000011c200000]
 total_blobs=6200 nmethods=5569 adapters=540
 compilation: enabled

Compilation events (10 events):
Event: 6898.226 Thread 0x00007f868c027800 7023       3       java.lang.Double::isFinite (17 bytes)
Event: 6898.226 Thread 0x00007f868c027800 nmethod 7023 0x000000010dd91c50 code [0x000000010dd91de0, 0x000000010dd91fb0]
Event: 6898.310 Thread 0x00007f868c027800 7024       3       whitebox.geospatialfiles.VectorLayerInfo::getMarkerSize (5 bytes)
Event: 6898.311 Thread 0x00007f868c027800 nmethod 7024 0x000000010d9f5a10 code [0x000000010d9f5b60, 0x000000010d9f5cb0]
Event: 6898.447 Thread 0x00007f868c027800 7025       3       whitebox.geospatialfiles.shapefile.attributes.Utils::readLittleEndianShort (26 bytes)
Event: 6898.447 Thread 0x00007f868c027800 nmethod 7025 0x000000010dd91710 code [0x000000010dd91880, 0x000000010dd91b58]
Event: 6898.807 Thread 0x00007f868c01b800 7026       4       java.util.HashMap$KeySet::iterator (12 bytes)
Event: 6898.811 Thread 0x00007f868c01b800 nmethod 7026 0x000000010d729950 code [0x000000010d729ac0, 0x000000010d729e18]
Event: 6899.073 Thread 0x00007f868c027800 7027       3       sun.lwawt.macosx.CFRetainedResource::finalize (5 bytes)
Event: 6899.073 Thread 0x00007f868c027800 nmethod 7027 0x000000010d729550 code [0x000000010d7296c0, 0x000000010d7298c8]

GC Heap History (10 events):
Event: 4623.292 GC heap before
{Heap before GC invocations=6 (full 1):
 PSYoungGen      total 4281856K, used 3692661K [0x0000000695580000, 0x00000007c0000000, 0x00000007c0000000)
  eden space 3670528K, 100% used [0x0000000695580000,0x0000000775600000,0x0000000775600000)
  from space 611328K, 3% used [0x000000079ab00000,0x000000079c09d410,0x00000007c0000000)
  to   space 611328K, 0% used [0x0000000775600000,0x0000000775600000,0x000000079ab00000)
 ParOldGen       total 9786880K, used 5147K [0x0000000440000000, 0x0000000695580000, 0x0000000695580000)
  object space 9786880K, 0% used [0x0000000440000000,0x0000000440506db0,0x0000000695580000)
 Metaspace       used 29252K, capacity 29647K, committed 30208K, reserved 1075200K
  class space    used 3371K, capacity 3482K, committed 3584K, reserved 1048576K
Event: 4623.324 GC heap after
Heap after GC invocations=6 (full 1):
 PSYoungGen      total 4281856K, used 145721K [0x0000000695580000, 0x00000007c0000000, 0x00000007c0000000)
  eden space 3670528K, 0% used [0x0000000695580000,0x0000000695580000,0x0000000775600000)
  from space 611328K, 23% used [0x0000000775600000,0x000000077e44e520,0x000000079ab00000)
  to   space 210944K, 0% used [0x00000007b3200000,0x00000007b3200000,0x00000007c0000000)
 ParOldGen       total 9786880K, used 5147K [0x0000000440000000, 0x0000000695580000, 0x0000000695580000)
  object space 9786880K, 0% used [0x0000000440000000,0x0000000440506db0,0x0000000695580000)
 Metaspace       used 29252K, capacity 29647K, committed 30208K, reserved 1075200K
  class space    used 3371K, capacity 3482K, committed 3584K, reserved 1048576K
}
Event: 4667.742 GC heap before
{Heap before GC invocations=7 (full 1):
 PSYoungGen      total 4281856K, used 3816249K [0x0000000695580000, 0x00000007c0000000, 0x00000007c0000000)
  eden space 3670528K, 100% used [0x0000000695580000,0x0000000775600000,0x0000000775600000)
  from space 611328K, 23% used [0x0000000775600000,0x000000077e44e520,0x000000079ab00000)
  to   space 210944K, 0% used [0x00000007b3200000,0x00000007b3200000,0x00000007c0000000)
 ParOldGen       total 9786880K, used 5147K [0x0000000440000000, 0x0000000695580000, 0x0000000695580000)
  object space 9786880K, 0% used [0x0000000440000000,0x0000000440506db0,0x0000000695580000)
 Metaspace       used 29359K, capacity 29711K, committed 30208K, reserved 1075200K
  class space    used 3371K, capacity 3482K, committed 3584K, reserved 1048576K
Event: 4667.805 GC heap after
Heap after GC invocations=7 (full 1):
 PSYoungGen      total 4600320K, used 196451K [0x0000000695580000, 0x00000007c0000000, 0x00000007c0000000)
  eden space 4389376K, 0% used [0x0000000695580000,0x0000000695580000,0x00000007a1400000)
  from space 210944K, 93% used [0x00000007b3200000,0x00000007bf1d8ec8,0x00000007c0000000)
  to   space 251904K, 0% used [0x00000007a1400000,0x00000007a1400000,0x00000007b0a00000)
 ParOldGen       total 9786880K, used 26434K [0x0000000440000000, 0x0000000695580000, 0x0000000695580000)
  object space 9786880K, 0% used [0x0000000440000000,0x00000004419d0bc0,0x0000000695580000)
 Metaspace       used 29359K, capacity 29711K, committed 30208K, reserved 1075200K
  class space    used 3371K, capacity 3482K, committed 3584K, reserved 1048576K
}
Event: 5895.265 GC heap before
{Heap before GC invocations=8 (full 1):
 PSYoungGen      total 4600320K, used 4585827K [0x0000000695580000, 0x00000007c0000000, 0x00000007c0000000)
  eden space 4389376K, 100% used [0x0000000695580000,0x00000007a1400000,0x00000007a1400000)
  from space 210944K, 93% used [0x00000007b3200000,0x00000007bf1d8ec8,0x00000007c0000000)
  to   space 251904K, 0% used [0x00000007a1400000,0x00000007a1400000,0x00000007b0a00000)
 ParOldGen       total 9786880K, used 26434K [0x0000000440000000, 0x0000000695580000, 0x0000000695580000)
  object space 9786880K, 0% used [0x0000000440000000,0x00000004419d0bc0,0x0000000695580000)
 Metaspace       used 29876K, capacity 30379K, committed 30464K, reserved 1077248K
  class space    used 3403K, capacity 3540K, committed 3584K, reserved 1048576K
Event: 5895.279 GC heap after
Heap after GC invocations=8 (full 1):
 PSYoungGen      total 4641280K, used 54064K [0x0000000695580000, 0x00000007c0000000, 0x00000007c0000000)
  eden space 4389376K, 0% used [0x0000000695580000,0x0000000695580000,0x00000007a1400000)
  from space 251904K, 21% used [0x00000007a1400000,0x00000007a48cc338,0x00000007b0a00000)
  to   space 243200K, 0% used [0x00000007b1280000,0x00000007b1280000,0x00000007c0000000)
 ParOldGen       total 9786880K, used 26442K [0x0000000440000000, 0x0000000695580000, 0x0000000695580000)
  object space 9786880K, 0% used [0x0000000440000000,0x00000004419d2bc0,0x0000000695580000)
 Metaspace       used 29876K, capacity 30379K, committed 30464K, reserved 1077248K
  class space    used 3403K, capacity 3540K, committed 3584K, reserved 1048576K
}
Event: 5999.507 GC heap before
{Heap before GC invocations=9 (full 1):
 PSYoungGen      total 4641280K, used 4443440K [0x0000000695580000, 0x00000007c0000000, 0x00000007c0000000)
  eden space 4389376K, 100% used [0x0000000695580000,0x00000007a1400000,0x00000007a1400000)
  from space 251904K, 21% used [0x00000007a1400000,0x00000007a48cc338,0x00000007b0a00000)
  to   space 243200K, 0% used [0x00000007b1280000,0x00000007b1280000,0x00000007c0000000)
 ParOldGen       total 9786880K, used 26488K [0x0000000440000000, 0x0000000695580000, 0x0000000695580000)
  object space 9786880K, 0% used [0x0000000440000000,0x00000004419de220,0x0000000695580000)
 Metaspace       used 29949K, capacity 30449K, committed 30720K, reserved 1077248K
  class space    used 3404K, capacity 3541K, committed 3584K, reserved 1048576K
Event: 5999.555 GC heap after
Heap after GC invocations=9 (full 1):
 PSYoungGen      total 4559872K, used 242400K [0x0000000695580000, 0x00000007c0000000, 0x00000007c0000000)
  eden space 4316672K, 0% used [0x0000000695580000,0x0000000695580000,0x000000079cd00000)
  from space 243200K, 99% used [0x00000007b1280000,0x00000007bff38120,0x00000007c0000000)
  to   space 288256K, 0% used [0x000000079cd00000,0x000000079cd00000,0x00000007ae680000)
 ParOldGen       total 9786880K, used 47768K [0x0000000440000000, 0x0000000695580000, 0x0000000695580000)
  object space 9786880K, 0% used [0x0000000440000000,0x0000000442ea6030,0x0000000695580000)
 Metaspace       used 29949K, capacity 30449K, committed 30720K, reserved 1077248K
  class space    used 3404K, capacity 3541K, committed 3584K, reserved 1048576K
}
Event: 6899.043 GC heap before
{Heap before GC invocations=10 (full 1):
 PSYoungGen      total 4559872K, used 4559072K [0x0000000695580000, 0x00000007c0000000, 0x00000007c0000000)
  eden space 4316672K, 100% used [0x0000000695580000,0x000000079cd00000,0x000000079cd00000)
  from space 243200K, 99% used [0x00000007b1280000,0x00000007bff38120,0x00000007c0000000)
  to   space 288256K, 0% used [0x000000079cd00000,0x000000079cd00000,0x00000007ae680000)
 ParOldGen       total 9786880K, used 133057K [0x0000000440000000, 0x0000000695580000, 0x0000000695580000)
  object space 9786880K, 1% used [0x0000000440000000,0x00000004481f0480,0x0000000695580000)
 Metaspace       used 30026K, capacity 30577K, committed 30720K, reserved 1077248K
  class space    used 3404K, capacity 3541K, committed 3584K, reserved 1048576K
Event: 6899.061 GC heap after
Heap after GC invocations=10 (full 1):
 PSYoungGen      total 4604928K, used 94291K [0x0000000695580000, 0x00000007c0000000, 0x00000007c0000000)
  eden space 4316672K, 0% used [0x0000000695580000,0x0000000695580000,0x000000079cd00000)
  from space 288256K, 32% used [0x000000079cd00000,0x00000007a2914df8,0x00000007ae680000)
  to   space 273408K, 0% used [0x00000007af500000,0x00000007af500000,0x00000007c0000000)
 ParOldGen       total 9786880K, used 133065K [0x0000000440000000, 0x0000000695580000, 0x0000000695580000)
  object space 9786880K, 1% used [0x0000000440000000,0x00000004481f2480,0x0000000695580000)
 Metaspace       used 30026K, capacity 30577K, committed 30720K, reserved 1077248K
  class space    used 3404K, capacity 3541K, committed 3584K, reserved 1048576K
}

Deoptimization events (10 events):
Event: 5942.162 Thread 0x00007f868cb8f800 Uncommon trap: reason=unstable_if action=reinterpret pc=0x000000010d729728 method=whiteboxgis.PluginInfo.compareTo(Lwhiteboxgis/PluginInfo;)I @ 54
Event: 5998.633 Thread 0x00007f868c480000 Uncommon trap: reason=unstable_if action=reinterpret pc=0x000000010d8fbf34 method=whitebox.geospatialfiles.WhiteboxRasterBase.getXCoordinateFromColumn(I)D @ 57
Event: 5998.633 Thread 0x00007f868c480000 Uncommon trap: reason=unstable_if action=reinterpret pc=0x000000010ddad4f8 method=whitebox.geospatialfiles.WhiteboxRasterBase.getYCoordinateFromRow(I)D @ 57
Event: 5999.972 Thread 0x00007f868c480000 Uncommon trap: reason=unstable_if action=reinterpret pc=0x000000010e3ff15c method=plugins.Viewshed.run()V @ 1867
Event: 6000.092 Thread 0x00007f868c480000 Uncommon trap: reason=unstable_if action=reinterpret pc=0x000000010e41402c method=plugins.Viewshed.run()V @ 2727
Event: 6000.608 Thread 0x00007f868c480000 Uncommon trap: reason=unloaded action=reinterpret pc=0x000000010e3e4950 method=plugins.Viewshed.run()V @ 3525
Event: 6007.682 Thread 0x00007f868cb8f800 Uncommon trap: reason=null_check action=make_not_entrant pc=0x000000010e2f6af0 method=sun.awt.im.InputContext.dispatchEvent(Ljava/awt/AWTEvent;)V @ 31
Event: 6012.328 Thread 0x00007f868cb8f800 Uncommon trap: reason=range_check action=make_not_entrant pc=0x000000010e359770 method=java.awt.image.DirectColorModel.getRedMask()I @ 5
Event: 6065.720 Thread 0x00007f868cb8f800 Uncommon trap: reason=unstable_if action=reinterpret pc=0x000000010dcf32bc method=javax.swing.RepaintManager.addDirtyRegion0(Ljava/awt/Container;IIII)V @ 108
Event: 6891.874 Thread 0x00007f868cb8f800 Uncommon trap: reason=unstable_if action=reinterpret pc=0x000000010dd09108 method=javax.swing.RepaintManager.addDirtyRegion0(Ljava/awt/Container;IIII)V @ 108

Internal exceptions (10 events):
Event: 9.661 Thread 0x00007f868cb8f800 Exception <a 'java/lang/NullPointerException'> (0x00000006a7e52f58) thrown at [/Users/java_re/workspace/8-2-build-macosx-x86_64/jdk8u40/2855/hotspot/src/share/vm/prims/jni.cpp, line 735]
Event: 25.021 Thread 0x00007f868cb8f800 Implicit null exception at 0x000000010d90b2a7 to 0x000000010d90b74d
Event: 3611.315 Thread 0x00007f868c96e000 Implicit null exception at 0x000000010dc366c3 to 0x000000010dc374ed
Event: 3611.625 Thread 0x00007f868cb8f800 Implicit null exception at 0x000000010dc89849 to 0x000000010dc8be89
Event: 3611.627 Thread 0x00007f868cb8f800 Implicit null exception at 0x000000010dabdd82 to 0x000000010dabdf55
Event: 3612.092 Thread 0x00007f868c96e000 Implicit null exception at 0x000000010e015cfc to 0x000000010e018f61
Event: 4404.115 Thread 0x00007f868cb8f800 Implicit null exception at 0x000000010d82e059 to 0x000000010d82f301
Event: 5998.633 Thread 0x00007f868c480000 Implicit null exception at 0x000000010d8fbe37 to 0x000000010d8fbf1d
Event: 5998.633 Thread 0x00007f868c480000 Implicit null exception at 0x000000010ddad3f7 to 0x000000010ddad4e1
Event: 6007.682 Thread 0x00007f868cb8f800 Implicit null exception at 0x000000010e2f46d8 to 0x000000010e2f6ae5

Events (10 events):
Event: 6899.075 Executing VM operation: RevokeBias
Event: 6899.075 Executing VM operation: RevokeBias done
Event: 6899.075 Executing VM operation: RevokeBias
Event: 6899.076 Executing VM operation: RevokeBias done
Event: 6899.076 Executing VM operation: RevokeBias
Event: 6899.076 Executing VM operation: RevokeBias done
Event: 6899.076 Executing VM operation: RevokeBias
Event: 6899.076 Executing VM operation: RevokeBias done
Event: 6899.076 Executing VM operation: BulkRevokeBias
Event: 6899.076 Executing VM operation: BulkRevokeBias done


Dynamic libraries:
0x00000000088cd000 	/System/Library/Frameworks/Cocoa.framework/Versions/A/Cocoa
0x00000000088cd000 	/System/Library/Frameworks/Security.framework/Versions/A/Security
0x00000000088cd000 	/System/Library/Frameworks/ApplicationServices.framework/Versions/A/ApplicationServices
0x00000000088cd000 	/usr/lib/libz.1.dylib
0x00000000088cd000 	/usr/lib/libSystem.B.dylib
0x00000000088cd000 	/usr/lib/libobjc.A.dylib
0x00000000088cd000 	/System/Library/Frameworks/CoreFoundation.framework/Versions/A/CoreFoundation
0x00000000088cd000 	/System/Library/Frameworks/Foundation.framework/Versions/C/Foundation
0x00000000088cd000 	/System/Library/Frameworks/AppKit.framework/Versions/C/AppKit
0x00000000088cd000 	/System/Library/Frameworks/CoreData.framework/Versions/A/CoreData
0x00000000088cd000 	/System/Library/PrivateFrameworks/RemoteViewServices.framework/Versions/A/RemoteViewServices
0x00000000088cd000 	/System/Library/PrivateFrameworks/UIFoundation.framework/Versions/A/UIFoundation
0x00000000088cd000 	/usr/lib/libScreenReader.dylib
0x00000000088cd000 	/System/Library/Frameworks/Accelerate.framework/Versions/A/Accelerate
0x00000000088cd000 	/System/Library/Frameworks/IOSurface.framework/Versions/A/IOSurface
0x00000000088cd000 	/System/Library/Frameworks/AudioToolbox.framework/Versions/A/AudioToolbox
0x00000000088cd000 	/System/Library/Frameworks/AudioUnit.framework/Versions/A/AudioUnit
0x00000000088cd000 	/System/Library/PrivateFrameworks/DataDetectorsCore.framework/Versions/A/DataDetectorsCore
0x00000000088cd000 	/System/Library/PrivateFrameworks/DesktopServicesPriv.framework/Versions/A/DesktopServicesPriv
0x00000000088cd000 	/System/Library/Frameworks/Carbon.framework/Versions/A/Frameworks/HIToolbox.framework/Versions/A/HIToolbox
0x00000000088cd000 	/System/Library/Frameworks/QuartzCore.framework/Versions/A/QuartzCore
0x00000000088cd000 	/System/Library/Frameworks/Carbon.framework/Versions/A/Frameworks/SpeechRecognition.framework/Versions/A/SpeechRecognition
0x00000000088cd000 	/usr/lib/libauto.dylib
0x00000000088cd000 	/usr/lib/libicucore.A.dylib
0x00000000088cd000 	/usr/lib/libxml2.2.dylib
0x00000000088cd000 	/System/Library/PrivateFrameworks/CoreUI.framework/Versions/A/CoreUI
0x00000000088cd000 	/System/Library/Frameworks/CoreAudio.framework/Versions/A/CoreAudio
0x00000000088cd000 	/System/Library/Frameworks/DiskArbitration.framework/Versions/A/DiskArbitration
0x00000000088cd000 	/usr/lib/liblangid.dylib
0x00000000088cd000 	/System/Library/PrivateFrameworks/MultitouchSupport.framework/Versions/A/MultitouchSupport
0x00000000088cd000 	/System/Library/Frameworks/IOKit.framework/Versions/A/IOKit
0x00000000088cd000 	/usr/lib/libDiagnosticMessagesClient.dylib
0x00000000088cd000 	/System/Library/Frameworks/CoreServices.framework/Versions/A/CoreServices
0x00000000088cd000 	/System/Library/PrivateFrameworks/PerformanceAnalysis.framework/Versions/A/PerformanceAnalysis
0x00000000088cd000 	/System/Library/PrivateFrameworks/GenerationalStorage.framework/Versions/A/GenerationalStorage
0x00000000088cd000 	/System/Library/Frameworks/OpenGL.framework/Versions/A/OpenGL
0x00000000088cd000 	/System/Library/PrivateFrameworks/Sharing.framework/Versions/A/Sharing
0x00000000088cd000 	/System/Library/Frameworks/CoreGraphics.framework/Versions/A/CoreGraphics
0x00000000088cd000 	/System/Library/Frameworks/CoreImage.framework/Versions/A/CoreImage
0x00000000088cd000 	/System/Library/Frameworks/CoreText.framework/Versions/A/CoreText
0x00000000088cd000 	/System/Library/Frameworks/ImageIO.framework/Versions/A/ImageIO
0x00000000088cd000 	/System/Library/PrivateFrameworks/Backup.framework/Versions/A/Backup
0x00000000088cd000 	/usr/lib/libextension.dylib
0x00000000088cd000 	/usr/lib/libarchive.2.dylib
0x00000000088cd000 	/System/Library/Frameworks/CFNetwork.framework/Versions/A/CFNetwork
0x00000000088cd000 	/System/Library/Frameworks/SystemConfiguration.framework/Versions/A/SystemConfiguration
0x00000000088cd000 	/usr/lib/libCRFSuite.dylib
0x00000000088cd000 	/usr/lib/libc++.1.dylib
0x00000000088cd000 	/usr/lib/libc++abi.dylib
0x00000000088cd000 	/usr/lib/system/libcache.dylib
0x00000000088cd000 	/usr/lib/system/libcommonCrypto.dylib
0x00000000088cd000 	/usr/lib/system/libcompiler_rt.dylib
0x00000000088cd000 	/usr/lib/system/libcopyfile.dylib
0x00000000088cd000 	/usr/lib/system/libcorecrypto.dylib
0x00000000088cd000 	/usr/lib/system/libdispatch.dylib
0x00000000088cd000 	/usr/lib/system/libdyld.dylib
0x00000000088cd000 	/usr/lib/system/libkeymgr.dylib
0x00000000088cd000 	/usr/lib/system/liblaunch.dylib
0x00000000088cd000 	/usr/lib/system/libmacho.dylib
0x00000000088cd000 	/usr/lib/system/libquarantine.dylib
0x00000000088cd000 	/usr/lib/system/libremovefile.dylib
0x00000000088cd000 	/usr/lib/system/libsystem_asl.dylib
0x00000000088cd000 	/usr/lib/system/libsystem_blocks.dylib
0x00000000088cd000 	/usr/lib/system/libsystem_c.dylib
0x00000000088cd000 	/usr/lib/system/libsystem_configuration.dylib
0x00000000088cd000 	/usr/lib/system/libsystem_coreservices.dylib
0x00000000088cd000 	/usr/lib/system/libsystem_coretls.dylib
0x00000000088cd000 	/usr/lib/system/libsystem_dnssd.dylib
0x00000000088cd000 	/usr/lib/system/libsystem_info.dylib
0x00000000088cd000 	/usr/lib/system/libsystem_kernel.dylib
0x00000000088cd000 	/usr/lib/system/libsystem_m.dylib
0x00000000088cd000 	/usr/lib/system/libsystem_malloc.dylib
0x00000000088cd000 	/usr/lib/system/libsystem_network.dylib
0x00000000088cd000 	/usr/lib/system/libsystem_networkextension.dylib
0x00000000088cd000 	/usr/lib/system/libsystem_notify.dylib
0x00000000088cd000 	/usr/lib/system/libsystem_platform.dylib
0x00000000088cd000 	/usr/lib/system/libsystem_pthread.dylib
0x00000000088cd000 	/usr/lib/system/libsystem_sandbox.dylib
0x00000000088cd000 	/usr/lib/system/libsystem_secinit.dylib
0x00000000088cd000 	/usr/lib/system/libsystem_trace.dylib
0x00000000088cd000 	/usr/lib/system/libunc.dylib
0x00000000088cd000 	/usr/lib/system/libunwind.dylib
0x00000000088cd000 	/usr/lib/system/libxpc.dylib
0x00000000088cd000 	/usr/lib/libenergytrace.dylib
0x00000000088cd000 	/usr/lib/libbsm.0.dylib
0x00000000088cd000 	/usr/lib/system/libkxld.dylib
0x00000000088cd000 	/usr/lib/libxar.1.dylib
0x00000000088cd000 	/usr/lib/libsqlite3.dylib
0x00000000088cd000 	/usr/lib/libpam.2.dylib
0x00000000088cd000 	/usr/lib/libOpenScriptingUtil.dylib
0x00000000088cd000 	/usr/lib/libbz2.1.0.dylib
0x00000000088cd000 	/usr/lib/liblzma.5.dylib
0x00000000088cd000 	/System/Library/Frameworks/CoreServices.framework/Versions/A/Frameworks/FSEvents.framework/Versions/A/FSEvents
0x00000000088cd000 	/System/Library/Frameworks/CoreServices.framework/Versions/A/Frameworks/CarbonCore.framework/Versions/A/CarbonCore
0x00000000088cd000 	/System/Library/Frameworks/CoreServices.framework/Versions/A/Frameworks/Metadata.framework/Versions/A/Metadata
0x00000000088cd000 	/System/Library/Frameworks/CoreServices.framework/Versions/A/Frameworks/OSServices.framework/Versions/A/OSServices
0x00000000088cd000 	/System/Library/Frameworks/CoreServices.framework/Versions/A/Frameworks/SearchKit.framework/Versions/A/SearchKit
0x00000000088cd000 	/System/Library/Frameworks/CoreServices.framework/Versions/A/Frameworks/AE.framework/Versions/A/AE
0x00000000088cd000 	/System/Library/Frameworks/CoreServices.framework/Versions/A/Frameworks/LaunchServices.framework/Versions/A/LaunchServices
0x00000000088cd000 	/System/Library/Frameworks/CoreServices.framework/Versions/A/Frameworks/DictionaryServices.framework/Versions/A/DictionaryServices
0x00000000088cd000 	/System/Library/Frameworks/CoreServices.framework/Versions/A/Frameworks/SharedFileList.framework/Versions/A/SharedFileList
0x00000000088cd000 	/System/Library/Frameworks/NetFS.framework/Versions/A/NetFS
0x00000000088cd000 	/System/Library/PrivateFrameworks/NetAuth.framework/Versions/A/NetAuth
0x00000000088cd000 	/System/Library/PrivateFrameworks/login.framework/Versions/A/Frameworks/loginsupport.framework/Versions/A/loginsupport
0x00000000088cd000 	/System/Library/PrivateFrameworks/TCC.framework/Versions/A/TCC
0x00000000088cd000 	/usr/lib/libmecabra.dylib
0x00000000088cd000 	/System/Library/Frameworks/ApplicationServices.framework/Versions/A/Frameworks/ATS.framework/Versions/A/ATS
0x00000000088cd000 	/System/Library/Frameworks/ApplicationServices.framework/Versions/A/Frameworks/ColorSync.framework/Versions/A/ColorSync
0x00000000088cd000 	/System/Library/Frameworks/ApplicationServices.framework/Versions/A/Frameworks/HIServices.framework/Versions/A/HIServices
0x00000000088cd000 	/System/Library/Frameworks/ApplicationServices.framework/Versions/A/Frameworks/LangAnalysis.framework/Versions/A/LangAnalysis
0x00000000088cd000 	/System/Library/Frameworks/ApplicationServices.framework/Versions/A/Frameworks/PrintCore.framework/Versions/A/PrintCore
0x00000000088cd000 	/System/Library/Frameworks/ApplicationServices.framework/Versions/A/Frameworks/QD.framework/Versions/A/QD
0x00000000088cd000 	/System/Library/Frameworks/ApplicationServices.framework/Versions/A/Frameworks/SpeechSynthesis.framework/Versions/A/SpeechSynthesis
0x00000000088cd000 	/System/Library/Frameworks/Metal.framework/Versions/A/Metal
0x00000000088cd000 	/System/Library/Frameworks/Accelerate.framework/Versions/A/Frameworks/vImage.framework/Versions/A/vImage
0x00000000088cd000 	/System/Library/Frameworks/Accelerate.framework/Versions/A/Frameworks/vecLib.framework/Versions/A/vecLib
0x00000000088cd000 	/System/Library/Frameworks/Accelerate.framework/Versions/A/Frameworks/vecLib.framework/Versions/A/libvDSP.dylib
0x00000000088cd000 	/System/Library/Frameworks/Accelerate.framework/Versions/A/Frameworks/vecLib.framework/Versions/A/libvMisc.dylib
0x00000000088cd000 	/System/Library/Frameworks/Accelerate.framework/Versions/A/Frameworks/vecLib.framework/Versions/A/libLAPACK.dylib
0x00000000088cd000 	/System/Library/Frameworks/Accelerate.framework/Versions/A/Frameworks/vecLib.framework/Versions/A/libBLAS.dylib
0x00000000088cd000 	/System/Library/Frameworks/Accelerate.framework/Versions/A/Frameworks/vecLib.framework/Versions/A/libLinearAlgebra.dylib
0x00000000088cd000 	/System/Library/Frameworks/Accelerate.framework/Versions/A/Frameworks/vecLib.framework/Versions/A/libSparseBLAS.dylib
0x00000000088cd000 	/System/Library/PrivateFrameworks/GPUCompiler.framework/libmetal_timestamp.dylib
0x00000000088cd000 	/System/Library/Frameworks/OpenGL.framework/Versions/A/Libraries/libCoreFSCache.dylib
0x00000000088cd000 	/System/Library/PrivateFrameworks/IOAccelerator.framework/Versions/A/IOAccelerator
0x00000000088cd000 	/System/Library/Frameworks/ApplicationServices.framework/Versions/A/Frameworks/ATS.framework/Versions/A/Resources/libFontParser.dylib
0x00000000088cd000 	/System/Library/Frameworks/ApplicationServices.framework/Versions/A/Frameworks/ATS.framework/Versions/A/Resources/libFontRegistry.dylib
0x00000000088cd000 	/System/Library/PrivateFrameworks/AppleVPA.framework/Versions/A/AppleVPA
0x00000000088cd000 	/System/Library/PrivateFrameworks/AppleJPEG.framework/Versions/A/AppleJPEG
0x00000000088cd000 	/System/Library/Frameworks/ImageIO.framework/Versions/A/Resources/libJPEG.dylib
0x00000000088cd000 	/System/Library/Frameworks/ImageIO.framework/Versions/A/Resources/libTIFF.dylib
0x00000000088cd000 	/System/Library/Frameworks/ImageIO.framework/Versions/A/Resources/libPng.dylib
0x00000000088cd000 	/System/Library/Frameworks/ImageIO.framework/Versions/A/Resources/libGIF.dylib
0x00000000088cd000 	/System/Library/Frameworks/ImageIO.framework/Versions/A/Resources/libJP2.dylib
0x00000000088cd000 	/System/Library/Frameworks/ImageIO.framework/Versions/A/Resources/libRadiance.dylib
0x00000000088cd000 	/System/Library/Frameworks/CoreVideo.framework/Versions/A/CoreVideo
0x00000000088cd000 	/System/Library/Frameworks/OpenGL.framework/Versions/A/Libraries/libGLU.dylib
0x00000000088cd000 	/System/Library/Frameworks/OpenGL.framework/Versions/A/Libraries/libGFXShared.dylib
0x00000000088cd000 	/System/Library/Frameworks/OpenGL.framework/Versions/A/Libraries/libGL.dylib
0x00000000088cd000 	/System/Library/Frameworks/OpenGL.framework/Versions/A/Libraries/libGLImage.dylib
0x00000000088cd000 	/System/Library/Frameworks/OpenGL.framework/Versions/A/Libraries/libCVMSPluginSupport.dylib
0x00000000088cd000 	/System/Library/Frameworks/OpenGL.framework/Versions/A/Libraries/libCoreVMClient.dylib
0x00000000088cd000 	/usr/lib/libcups.2.dylib
0x00000000088cd000 	/System/Library/Frameworks/Kerberos.framework/Versions/A/Kerberos
0x00000000088cd000 	/System/Library/Frameworks/GSS.framework/Versions/A/GSS
0x00000000088cd000 	/usr/lib/libresolv.9.dylib
0x00000000088cd000 	/usr/lib/libiconv.2.dylib
0x00000000088cd000 	/System/Library/PrivateFrameworks/Heimdal.framework/Versions/A/Heimdal
0x00000000088cd000 	/usr/lib/libheimdal-asn1.dylib
0x00000000088cd000 	/System/Library/Frameworks/OpenDirectory.framework/Versions/A/OpenDirectory
0x00000000088cd000 	/System/Library/PrivateFrameworks/CommonAuth.framework/Versions/A/CommonAuth
0x00000000088cd000 	/System/Library/Frameworks/OpenDirectory.framework/Versions/A/Frameworks/CFOpenDirectory.framework/Versions/A/CFOpenDirectory
0x00000000088cd000 	/System/Library/Frameworks/SecurityFoundation.framework/Versions/A/SecurityFoundation
0x00000000088cd000 	/System/Library/PrivateFrameworks/LanguageModeling.framework/Versions/A/LanguageModeling
0x00000000088cd000 	/usr/lib/libmarisa.dylib
0x00000000088cd000 	/usr/lib/libChineseTokenizer.dylib
0x00000000088cd000 	/usr/lib/libcmph.dylib
0x00000000088cd000 	/usr/lib/libcompression.dylib
0x00000000088cd000 	/System/Library/Frameworks/ServiceManagement.framework/Versions/A/ServiceManagement
0x00000000088cd000 	/usr/lib/libxslt.1.dylib
0x00000000088cd000 	/System/Library/Frameworks/Carbon.framework/Versions/A/Frameworks/Ink.framework/Versions/A/Ink
0x00000000088cd000 	/usr/lib/libFosl_dynamic.dylib
0x00000000088cd000 	/System/Library/PrivateFrameworks/FaceCore.framework/Versions/A/FaceCore
0x00000000088cd000 	/System/Library/Frameworks/OpenCL.framework/Versions/A/OpenCL
0x00000000088cd000 	/System/Library/PrivateFrameworks/CrashReporterSupport.framework/Versions/A/CrashReporterSupport
0x00000000088cd000 	/System/Library/PrivateFrameworks/IconServices.framework/Versions/A/IconServices
0x00000000088cd000 	/System/Library/PrivateFrameworks/Apple80211.framework/Versions/A/Apple80211
0x00000000088cd000 	/System/Library/Frameworks/CoreWLAN.framework/Versions/A/CoreWLAN
0x00000000088cd000 	/System/Library/Frameworks/IOBluetooth.framework/Versions/A/IOBluetooth
0x00000000088cd000 	/System/Library/PrivateFrameworks/CoreWiFi.framework/Versions/A/CoreWiFi
0x00000000088cd000 	/System/Library/Frameworks/CoreBluetooth.framework/Versions/A/CoreBluetooth
0x00000000088cd000 	/System/Library/PrivateFrameworks/ChunkingLibrary.framework/Versions/A/ChunkingLibrary
0x00000000088cd000 	/System/Library/PrivateFrameworks/DebugSymbols.framework/Versions/A/DebugSymbols
0x00000000088cd000 	/System/Library/PrivateFrameworks/CoreSymbolication.framework/Versions/A/CoreSymbolication
0x00000000088cd000 	/System/Library/PrivateFrameworks/Symbolication.framework/Versions/A/Symbolication
0x00000000088cd000 	/System/Library/PrivateFrameworks/SpeechRecognitionCore.framework/Versions/A/SpeechRecognitionCore
0x000000010b8fc000 	/Library/Java/JavaVirtualMachines/jdk1.8.0_40.jdk/Contents/Home/jre/lib/server/libjvm.dylib
0x00000000088cd000 	/usr/lib/libstdc++.6.dylib
0x000000010c869000 	/Library/Java/JavaVirtualMachines/jdk1.8.0_40.jdk/Contents/Home/jre/lib/libverify.dylib
0x000000010c877000 	/Library/Java/JavaVirtualMachines/jdk1.8.0_40.jdk/Contents/Home/jre/lib/libjava.dylib
0x000000010c8b6000 	/Library/Java/JavaVirtualMachines/jdk1.8.0_40.jdk/Contents/Home/jre/lib/libzip.dylib
0x000000013eb12000 	/System/Library/Frameworks/JavaVM.framework/Frameworks/JavaRuntimeSupport.framework/JavaRuntimeSupport
0x000000013eb2d000 	/System/Library/Frameworks/JavaVM.framework/Versions/A/Frameworks/JavaNativeFoundation.framework/Versions/A/JavaNativeFoundation
0x000000013eb42000 	/System/Library/Frameworks/JavaVM.framework/Versions/A/JavaVM
0x00000000088cd000 	/System/Library/Frameworks/Carbon.framework/Versions/A/Carbon
0x000000013eb4f000 	/System/Library/PrivateFrameworks/JavaLaunching.framework/Versions/A/JavaLaunching
0x00000000088cd000 	/System/Library/Frameworks/Carbon.framework/Versions/A/Frameworks/CommonPanels.framework/Versions/A/CommonPanels
0x00000000088cd000 	/System/Library/Frameworks/Carbon.framework/Versions/A/Frameworks/Help.framework/Versions/A/Help
0x00000000088cd000 	/System/Library/Frameworks/Carbon.framework/Versions/A/Frameworks/ImageCapture.framework/Versions/A/ImageCapture
0x00000000088cd000 	/System/Library/Frameworks/Carbon.framework/Versions/A/Frameworks/OpenScripting.framework/Versions/A/OpenScripting
0x00000000088cd000 	/System/Library/Frameworks/Carbon.framework/Versions/A/Frameworks/Print.framework/Versions/A/Print
0x00000000088cd000 	/System/Library/Frameworks/Carbon.framework/Versions/A/Frameworks/SecurityHI.framework/Versions/A/SecurityHI
0x0000000140898000 	/Library/Java/JavaVirtualMachines/jdk1.8.0_40.jdk/Contents/Home/jre/lib/libawt.dylib
0x0000000140940000 	/Library/Java/JavaVirtualMachines/jdk1.8.0_40.jdk/Contents/Home/jre/lib/./libmlib_image.dylib
0x0000000140a0c000 	/Library/Java/JavaVirtualMachines/jdk1.8.0_40.jdk/Contents/Home/jre/lib/libawt_lwawt.dylib
0x0000000140ac0000 	/Library/Java/JavaVirtualMachines/jdk1.8.0_40.jdk/Contents/Home/jre/lib/./libosxapp.dylib
0x00000000088cd000 	/System/Library/Frameworks/ExceptionHandling.framework/Versions/A/ExceptionHandling
0x00000000088cd000 	/System/Library/PrivateFrameworks/CoreServicesInternal.framework/Versions/A/CoreServicesInternal
0x00000000088cd000 	/System/Library/CoreServices/RawCamera.bundle/Contents/MacOS/RawCamera
0x00000000088cd000 	/System/Library/Frameworks/CoreGraphics.framework/Versions/A/Resources/libRIP.A.dylib
0x00000000088cd000 	/System/Library/Frameworks/Accelerate.framework/Versions/A/Frameworks/vImage.framework/Versions/A/Libraries/libCGInterfaces.dylib
0x00000000088cd000 	/System/Library/Frameworks/CoreGraphics.framework/Versions/A/Resources/libCGXType.A.dylib
0x00000000088cd000 	/System/Library/Frameworks/OpenCL.framework/Versions/A/Libraries/libcldcpuengine.dylib
0x00000000088cd000 	/System/Library/PrivateFrameworks/DiskImages.framework/Versions/A/DiskImages
0x00000000088cd000 	/System/Library/Frameworks/DiscRecording.framework/Versions/A/DiscRecording
0x00000000088cd000 	/usr/lib/libcsfde.dylib
0x00000000088cd000 	/usr/lib/libcurl.4.dylib
0x00000000088cd000 	/System/Library/PrivateFrameworks/MediaKit.framework/Versions/A/MediaKit
0x00000000088cd000 	/System/Library/PrivateFrameworks/ProtectedCloudStorage.framework/Versions/A/ProtectedCloudStorage
0x00000000088cd000 	/usr/lib/libCoreStorage.dylib
0x00000000088cd000 	/System/Library/PrivateFrameworks/EFILogin.framework/Versions/A/EFILogin
0x00000000088cd000 	/usr/lib/libutil.dylib
0x00000000088cd000 	/System/Library/PrivateFrameworks/FindMyDevice.framework/Versions/A/FindMyDevice
0x00000000088cd000 	/System/Library/Frameworks/LDAP.framework/Versions/A/LDAP
0x00000000088cd000 	/usr/lib/libsasl2.2.dylib
0x00000000088cd000 	/System/Library/PrivateFrameworks/CoreDaemon.framework/Versions/B/CoreDaemon
0x00000000088cd000 	/usr/lib/libcrypto.0.9.8.dylib
0x00000000088cd000 	/System/Library/PrivateFrameworks/AppleSRP.framework/Versions/A/AppleSRP
0x00000000088cd000 	/System/Library/PrivateFrameworks/TrustEvaluationAgent.framework/Versions/A/TrustEvaluationAgent
0x0000000142207000 	cl_kernels
0x00000000088cd000 	/System/Library/Frameworks/OpenCL.framework/Versions/A/Libraries/ImageFormats/unorm8_bgra.dylib
0x00000000088cd000 	/System/Library/Frameworks/OpenCL.framework/Versions/A/Libraries/ImageFormats/unorm8_rgba.dylib
0x00000000088cd000 	/System/Library/PrivateFrameworks/FamilyControls.framework/Versions/A/FamilyControls
0x00000000088cd000 	/System/Library/PrivateFrameworks/CommerceKit.framework/Versions/A/Frameworks/CommerceCore.framework/Versions/A/CommerceCore
0x00000000088cd000 	/System/Library/PrivateFrameworks/SystemAdministration.framework/Versions/A/SystemAdministration
0x00000000088cd000 	/System/Library/PrivateFrameworks/AppContainer.framework/Versions/A/AppContainer
0x00000000088cd000 	/System/Library/PrivateFrameworks/SecCodeWrapper.framework/Versions/A/SecCodeWrapper
0x00000000088cd000 	/System/Library/Frameworks/DirectoryService.framework/Versions/A/DirectoryService
0x00000000088cd000 	/System/Library/PrivateFrameworks/LoginUIKit.framework/Versions/A/Frameworks/LoginUICore.framework/Versions/A/LoginUICore
0x00000000088cd000 	/usr/lib/libodfde.dylib
0x0000000143400000 	/Library/Java/JavaVirtualMachines/jdk1.8.0_40.jdk/Contents/Home/jre/lib/libfontmanager.dylib
0x0000000143467000 	/Library/Java/JavaVirtualMachines/jdk1.8.0_40.jdk/Contents/Home/jre/lib/libosxui.dylib
0x00000000088cd000 	/System/Library/Frameworks/OpenGL.framework/Versions/A/Resources/GLEngine.bundle/GLEngine
0x00000000088cd000 	/System/Library/Frameworks/OpenGL.framework/Versions/A/Libraries/libGLProgrammability.dylib
0x0000000143ec6000 	/System/Library/Extensions/AppleIntelHD5000GraphicsGLDriver.bundle/Contents/MacOS/AppleIntelHD5000GraphicsGLDriver
0x00000000088cd000 	/System/Library/PrivateFrameworks/GPUSupport.framework/Versions/A/Libraries/libGPUSupportMercury.dylib
0x00000000088cd000 	/System/Library/Frameworks/OpenGL.framework/Versions/A/Resources/GLRendererFloat.bundle/GLRendererFloat
0x00000001450ef000 	/Library/Java/JavaVirtualMachines/jdk1.8.0_40.jdk/Contents/Home/jre/lib/libnio.dylib
0x00000001450ff000 	/Library/Java/JavaVirtualMachines/jdk1.8.0_40.jdk/Contents/Home/jre/lib/./libnet.dylib
0x000000014953d000 	/System/Library/Extensions/AppleIntelHD5000GraphicsMTLDriver.bundle/Contents/MacOS/AppleIntelHD5000GraphicsMTLDriver
0x00000000088cd000 	/System/Library/Frameworks/ApplicationServices.framework/Versions/A/Frameworks/ATS.framework/Versions/A/Resources/libTrueTypeScaler.dylib
0x000000014d182000 	/Library/Java/JavaVirtualMachines/jdk1.8.0_40.jdk/Contents/Home/jre/lib/libdcpr.dylib
0x00000000088cd000 	/System/Library/PrivateFrameworks/CloudDocs.framework/Versions/A/CloudDocs
0x00000000088cd000 	/System/Library/PrivateFrameworks/CoreDuet.framework/Versions/A/CoreDuet
0x00000000088cd000 	/System/Library/Frameworks/CloudKit.framework/Versions/A/CloudKit
0x00000000088cd000 	/System/Library/PrivateFrameworks/ProtocolBuffer.framework/Versions/A/ProtocolBuffer
0x00000000088cd000 	/System/Library/PrivateFrameworks/CoreDuetDaemonProtocol.framework/Versions/A/CoreDuetDaemonProtocol
0x00000000088cd000 	/System/Library/PrivateFrameworks/CoreDuetDebugLogging.framework/Versions/A/CoreDuetDebugLogging
0x00000000088cd000 	/System/Library/PrivateFrameworks/MMCS.framework/Versions/A/MMCS
0x00000000088cd000 	/System/Library/Frameworks/CoreLocation.framework/Versions/A/CoreLocation
0x00000000088cd000 	/System/Library/PrivateFrameworks/AssetCacheServices.framework/Versions/A/AssetCacheServices
0x00000000088cd000 	/System/Library/PrivateFrameworks/GeoServices.framework/Versions/A/GeoServices
0x00000000088cd000 	/System/Library/PrivateFrameworks/Shortcut.framework/Versions/A/Shortcut
0x00000000088cd000 	/System/Library/PrivateFrameworks/HelpData.framework/Versions/A/HelpData
0x00000000088cd000 	/usr/lib/libtidy.A.dylib

VM Arguments:
jvm_args: -Xmx14G -Xms14G 
java_command: whiteboxgis.WhiteboxGui
java_class_path (initial): /Users/johnlindsay/Documents/Programming/Whitebox/trunk/WhiteboxGIS/Jama-1.0.3.jar:/Users/johnlindsay/Documents/Programming/Whitebox/trunk/WhiteboxGIS/autocomplete.jar:/Users/johnlindsay/Documents/Programming/Whitebox/trunk/WhiteboxGIS/colt-1.2.0.jar:/Users/johnlindsay/Documents/Programming/Whitebox/trunk/WhiteboxGIS/commons-io-2.4.jar:/Users/johnlindsay/Documents/Programming/Whitebox/trunk/WhiteboxGIS/commons-math3-3.2.jar:/Users/johnlindsay/Documents/Programming/Whitebox/trunk/WhiteboxGIS/finmath-lib.jar:/Users/johnlindsay/Documents/Programming/Whitebox/trunk/WhiteboxGIS/gson-2.2.2.jar:/Users/johnlindsay/Documents/Programming/Whitebox/trunk/WhiteboxGIS/jMetal.jar:/Users/johnlindsay/Documents/Programming/Whitebox/trunk/WhiteboxGIS/jcommon-1.0.18.jar:/Users/johnlindsay/Documents/Programming/Whitebox/trunk/WhiteboxGIS/jfreechart-1.0.15.jar:/Users/johnlindsay/Documents/Programming/Whitebox/trunk/WhiteboxAPI/resources/jts-1.13.jar:/Users/johnlindsay/Documents/Programming/Whitebox/trunk/WhiteboxGIS/rsyntaxtextarea.jar:/Applications/NetBeans/NetBeans 8.0.1.app/Contents/Resources/NetBeans/platform/modules/ext/swing-layout-1.0.4.jar:/Users/johnlindsay/Documents/Programming/Whitebox/trunk/RasterCalculator/dist/RasterCalculator.jar:/Users/johnlindsay/Documents/Programming/Whitebox/trunk/WhiteboxAPI/dist/WhiteboxAPI.jar:/Users/johnlindsay/Documents/Programming/Whitebox/trunk/WhiteboxGIS/commons-imaging-1.0-SNAPSHOT.jar:/Users/johnlindsay/Documents/Programming/Whitebox/trunk/WhiteboxGIS/jython-standalone-2.7-b4.jar:/Users/johnlindsay/Documents/Programming/Whitebox/trunk/WhiteboxGIS/groovy-all-2.3.0.jar:/Users/johnlindsay/Documents/Programming/Whitebox/trunk/WhiteboxGIS/build/classes
Launcher Type: SUN_STANDARD

Environment Variables:
PATH=/usr/bin:/bin:/usr/sbin:/sbin
LD_LIBRARY_PATH=/Library/Java/JavaVirtualMachines/jdk1.8.0_40.jdk/Contents/Home/jre/lib/amd64:/Library/Java/JavaVirtualMachines/jdk1.8.0_40.jdk/Contents/Home/jre/lib/i386:
SHELL=/bin/bash
DISPLAY=/private/tmp/com.apple.launchd.W2gQQg6yFS/org.macosforge.xquartz:0

Signal Handlers:
SIGSEGV: [libjvm.dylib+0x58ef95], sa_mask[0]=11111111011111110111111111111111, sa_flags=SA_ONSTACK|SA_RESTART|SA_SIGINFO
SIGBUS: [libjvm.dylib+0x58ef95], sa_mask[0]=11111111011111110111111111111111, sa_flags=SA_RESTART|SA_SIGINFO
SIGFPE: [libjvm.dylib+0x46c118], sa_mask[0]=11111111011111110111111111111111, sa_flags=SA_RESTART|SA_SIGINFO
SIGPIPE: [libjvm.dylib+0x46c118], sa_mask[0]=11111111011111110111111111111111, sa_flags=SA_RESTART|SA_SIGINFO
SIGXFSZ: [libjvm.dylib+0x46c118], sa_mask[0]=11111111011111110111111111111111, sa_flags=SA_RESTART|SA_SIGINFO
SIGILL: [libjvm.dylib+0x46c118], sa_mask[0]=11111111011111110111111111111111, sa_flags=SA_RESTART|SA_SIGINFO
SIGUSR1: SIG_DFL, sa_mask[0]=00000000000000000000000000000000, sa_flags=none
SIGUSR2: [libjvm.dylib+0x46bc36], sa_mask[0]=00100000000000000000000000000000, sa_flags=SA_RESTART|SA_SIGINFO
SIGHUP: [libjvm.dylib+0x46a209], sa_mask[0]=11111111011111110111111111111111, sa_flags=SA_RESTART|SA_SIGINFO
SIGINT: SIG_IGN, sa_mask[0]=00000000000000000000000000000000, sa_flags=none
SIGTERM: [libjvm.dylib+0x46a209], sa_mask[0]=11111111011111110111111111111111, sa_flags=SA_RESTART|SA_SIGINFO
SIGQUIT: [libjvm.dylib+0x46a209], sa_mask[0]=11111111011111110111111111111111, sa_flags=SA_RESTART|SA_SIGINFO


---------------  S Y S T E M  ---------------

OS:Bsduname:Darwin 15.3.0 Darwin Kernel Version 15.3.0: Thu Dec 10 18:40:58 PST 2015; root:xnu-3248.30.4~1/RELEASE_X86_64 x86_64
rlimit: STACK 8192k, CORE 0k, NPROC 709, NOFILE 10240, AS infinity
load average:1.71 1.48 1.46

CPU:total 4 (2 cores per cpu, 2 threads per core) family 6 model 69 stepping 1, cmov, cx8, fxsr, mmx, sse, sse2, sse3, ssse3, sse4.1, sse4.2, popcnt, avx, avx2, aes, clmul, erms, lzcnt, ht, tsc, tscinvbit, bmi1, bmi2

Memory: 4k page, physical 16777216k(3133232k free)

/proc/meminfo:


vm_info: Java HotSpot(TM) 64-Bit Server VM (25.40-b25) for bsd-amd64 JRE (1.8.0_40-b25), built on Feb 10 2015 21:07:25 by "java_re" with gcc 4.2.1 (Based on Apple Inc. build 5658) (LLVM build 2336.11.00)

time: Wed Mar 16 11:17:02 2016
elapsed time: 6899 seconds (0d 1h 54m 59s)

